2023-03-17 13:11:16 error: uncaughtException: Cannot set properties of undefined (setting 'mailer')
TypeError: Cannot set properties of undefined (setting 'mailer')
    at new Mail (/Users/olashina/Documents/workspace/NIPTREX-backend/node_modules/nodemailer/lib/mailer/index.js:45:33)
    at Object.module.exports.createTransport (/Users/olashina/Documents/workspace/NIPTREX-backend/node_modules/nodemailer/lib/nodemailer.js:53:14)
    at Object.<anonymous> (/Users/olashina/Documents/workspace/NIPTREX-backend/src/modules/email/email.service.ts:6:37)
    at Module._compile (node:internal/modules/cjs/loader:1155:14)
    at Module._compile (/Users/olashina/Documents/workspace/NIPTREX-backend/node_modules/source-map-support/source-map-support.js:568:25)
    at Module.m._compile (/private/var/folders/7y/g7wt7_g17x58s0b1kmllks7m0000gn/T/ts-node-dev-hook-47264422776966986.js:69:33)
    at Module._extensions..js (node:internal/modules/cjs/loader:1209:10)
    at require.extensions..jsx.require.extensions..js (/private/var/folders/7y/g7wt7_g17x58s0b1kmllks7m0000gn/T/ts-node-dev-hook-47264422776966986.js:114:20)
    at require.extensions.<computed> (/private/var/folders/7y/g7wt7_g17x58s0b1kmllks7m0000gn/T/ts-node-dev-hook-47264422776966986.js:71:20)
    at Object.nodeDevHook [as .ts] (/Users/olashina/Documents/workspace/NIPTREX-backend/node_modules/ts-node-dev/lib/hook.js:63:13)
2023-03-17 13:14:45 error: uncaughtException: ⨯ Unable to compile TypeScript:
src/modules/email/email.service.ts(68,1): error TS1005: '}' expected.
src/modules/email/email.service.ts(111,1): error TS1005: '}' expected.

Error: ⨯ Unable to compile TypeScript:
src/modules/email/email.service.ts(68,1): error TS1005: '}' expected.
src/modules/email/email.service.ts(111,1): error TS1005: '}' expected.

    at Object.<anonymous> (/Users/olashina/Documents/workspace/NIPTREX-backend/src/modules/email/email.service.ts:1:7)
    at Module._compile (node:internal/modules/cjs/loader:1155:14)
    at Module._compile (/Users/olashina/Documents/workspace/NIPTREX-backend/node_modules/source-map-support/source-map-support.js:568:25)
    at Module.m._compile (/private/var/folders/7y/g7wt7_g17x58s0b1kmllks7m0000gn/T/ts-node-dev-hook-47264422776966986.js:69:33)
    at Module._extensions..js (node:internal/modules/cjs/loader:1209:10)
    at require.extensions..jsx.require.extensions..js (/private/var/folders/7y/g7wt7_g17x58s0b1kmllks7m0000gn/T/ts-node-dev-hook-47264422776966986.js:114:20)
    at require.extensions.<computed> (/private/var/folders/7y/g7wt7_g17x58s0b1kmllks7m0000gn/T/ts-node-dev-hook-47264422776966986.js:71:20)
    at Object.nodeDevHook [as .ts] (/Users/olashina/Documents/workspace/NIPTREX-backend/node_modules/ts-node-dev/lib/hook.js:63:13)
    at Module.load (node:internal/modules/cjs/loader:1033:32)
    at Function.Module._load (node:internal/modules/cjs/loader:868:12)
2023-03-17 13:14:59 error: uncaughtException: ⨯ Unable to compile TypeScript:
src/modules/email/email.service.ts(111,1): error TS1005: '}' expected.

Error: ⨯ Unable to compile TypeScript:
src/modules/email/email.service.ts(111,1): error TS1005: '}' expected.

    at Object.<anonymous> (/Users/olashina/Documents/workspace/NIPTREX-backend/src/modules/email/email.service.ts:1:7)
    at Module._compile (node:internal/modules/cjs/loader:1155:14)
    at Module._compile (/Users/olashina/Documents/workspace/NIPTREX-backend/node_modules/source-map-support/source-map-support.js:568:25)
    at Module.m._compile (/private/var/folders/7y/g7wt7_g17x58s0b1kmllks7m0000gn/T/ts-node-dev-hook-47264422776966986.js:69:33)
    at Module._extensions..js (node:internal/modules/cjs/loader:1209:10)
    at require.extensions..jsx.require.extensions..js (/private/var/folders/7y/g7wt7_g17x58s0b1kmllks7m0000gn/T/ts-node-dev-hook-47264422776966986.js:114:20)
    at require.extensions.<computed> (/private/var/folders/7y/g7wt7_g17x58s0b1kmllks7m0000gn/T/ts-node-dev-hook-47264422776966986.js:71:20)
    at Object.nodeDevHook [as .ts] (/Users/olashina/Documents/workspace/NIPTREX-backend/node_modules/ts-node-dev/lib/hook.js:63:13)
    at Module.load (node:internal/modules/cjs/loader:1033:32)
    at Function.Module._load (node:internal/modules/cjs/loader:868:12)
2023-03-17 13:15:04 error: uncaughtException: ⨯ Unable to compile TypeScript:
src/modules/email/email.service.ts(112,1): error TS1005: '}' expected.

Error: ⨯ Unable to compile TypeScript:
src/modules/email/email.service.ts(112,1): error TS1005: '}' expected.

    at Object.<anonymous> (/Users/olashina/Documents/workspace/NIPTREX-backend/src/modules/email/email.service.ts:1:7)
    at Module._compile (node:internal/modules/cjs/loader:1155:14)
    at Module._compile (/Users/olashina/Documents/workspace/NIPTREX-backend/node_modules/source-map-support/source-map-support.js:568:25)
    at Module.m._compile (/private/var/folders/7y/g7wt7_g17x58s0b1kmllks7m0000gn/T/ts-node-dev-hook-47264422776966986.js:69:33)
    at Module._extensions..js (node:internal/modules/cjs/loader:1209:10)
    at require.extensions..jsx.require.extensions..js (/private/var/folders/7y/g7wt7_g17x58s0b1kmllks7m0000gn/T/ts-node-dev-hook-47264422776966986.js:114:20)
    at require.extensions.<computed> (/private/var/folders/7y/g7wt7_g17x58s0b1kmllks7m0000gn/T/ts-node-dev-hook-47264422776966986.js:71:20)
    at Object.nodeDevHook [as .ts] (/Users/olashina/Documents/workspace/NIPTREX-backend/node_modules/ts-node-dev/lib/hook.js:63:13)
    at Module.load (node:internal/modules/cjs/loader:1033:32)
    at Function.Module._load (node:internal/modules/cjs/loader:868:12)
2023-03-17 13:15:16 error: uncaughtException: ⨯ Unable to compile TypeScript:
src/modules/email/email.service.ts(108,1): error TS1005: '}' expected.

Error: ⨯ Unable to compile TypeScript:
src/modules/email/email.service.ts(108,1): error TS1005: '}' expected.

    at Object.<anonymous> (/Users/olashina/Documents/workspace/NIPTREX-backend/src/modules/email/email.service.ts:1:7)
    at Module._compile (node:internal/modules/cjs/loader:1155:14)
    at Module._compile (/Users/olashina/Documents/workspace/NIPTREX-backend/node_modules/source-map-support/source-map-support.js:568:25)
    at Module.m._compile (/private/var/folders/7y/g7wt7_g17x58s0b1kmllks7m0000gn/T/ts-node-dev-hook-47264422776966986.js:69:33)
    at Module._extensions..js (node:internal/modules/cjs/loader:1209:10)
    at require.extensions..jsx.require.extensions..js (/private/var/folders/7y/g7wt7_g17x58s0b1kmllks7m0000gn/T/ts-node-dev-hook-47264422776966986.js:114:20)
    at require.extensions.<computed> (/private/var/folders/7y/g7wt7_g17x58s0b1kmllks7m0000gn/T/ts-node-dev-hook-47264422776966986.js:71:20)
    at Object.nodeDevHook [as .ts] (/Users/olashina/Documents/workspace/NIPTREX-backend/node_modules/ts-node-dev/lib/hook.js:63:13)
    at Module.load (node:internal/modules/cjs/loader:1033:32)
    at Function.Module._load (node:internal/modules/cjs/loader:868:12)
2023-03-17 13:15:30 error: uncaughtException: ⨯ Unable to compile TypeScript:
src/modules/email/email.service.ts(108,1): error TS1005: '}' expected.

Error: ⨯ Unable to compile TypeScript:
src/modules/email/email.service.ts(108,1): error TS1005: '}' expected.

    at Object.<anonymous> (/Users/olashina/Documents/workspace/NIPTREX-backend/src/modules/email/email.service.ts:1:7)
    at Module._compile (node:internal/modules/cjs/loader:1155:14)
    at Module._compile (/Users/olashina/Documents/workspace/NIPTREX-backend/node_modules/source-map-support/source-map-support.js:568:25)
    at Module.m._compile (/private/var/folders/7y/g7wt7_g17x58s0b1kmllks7m0000gn/T/ts-node-dev-hook-47264422776966986.js:69:33)
    at Module._extensions..js (node:internal/modules/cjs/loader:1209:10)
    at require.extensions..jsx.require.extensions..js (/private/var/folders/7y/g7wt7_g17x58s0b1kmllks7m0000gn/T/ts-node-dev-hook-47264422776966986.js:114:20)
    at require.extensions.<computed> (/private/var/folders/7y/g7wt7_g17x58s0b1kmllks7m0000gn/T/ts-node-dev-hook-47264422776966986.js:71:20)
    at Object.nodeDevHook [as .ts] (/Users/olashina/Documents/workspace/NIPTREX-backend/node_modules/ts-node-dev/lib/hook.js:63:13)
    at Module.load (node:internal/modules/cjs/loader:1033:32)
    at Function.Module._load (node:internal/modules/cjs/loader:868:12)
2023-03-17 13:26:36 error: [POST] /signup >> StatusCode:: 404, Message:: The requested path /signup not found!
2023-03-17 13:38:56 error: [POST] /signup >> StatusCode:: 404, Message:: The requested path /signup not found!
2023-03-17 13:41:28 error: [POST] /login >> StatusCode:: 409, Message:: You're not user
2023-03-17 13:41:36 error: [POST] /login >> StatusCode:: 401, Message:: Incorrect email or password
2023-03-17 14:50:49 error: [POST] /signup >> StatusCode:: 404, Message:: The requested path /signup not found!
2023-03-17 14:55:03 error: [POST] /verify-email >> StatusCode:: 404, Message:: Authentication token missing
2023-03-17 14:56:36 error: [POST] /verify-email >> StatusCode:: 404, Message:: Authentication token missing
2023-03-17 15:02:48 error: [POST] /signup >> StatusCode:: 404, Message:: The requested path /signup not found!
2023-03-17 15:03:59 error: [POST] /signup >> StatusCode:: 404, Message:: The requested path /signup not found!
2023-03-17 15:04:10 error: [POST] /auth/signup >> StatusCode:: 404, Message:: The requested path /auth/signup not found!
2023-03-17 15:05:03 error: [POST] /auth/signup >> StatusCode:: 404, Message:: The requested path /auth/signup not found!
2023-03-17 15:05:23 error: [POST] /api/auth/signup >> StatusCode:: 404, Message:: The requested path /api/auth/signup not found!
2023-03-17 15:06:02 error: [POST] /login >> StatusCode:: 401, Message:: Incorrect email or password
2023-03-17 15:06:43 error: [POST] /login >> StatusCode:: 404, Message:: The requested path /login not found!
2023-03-17 15:06:50 error: [POST] /api/login >> StatusCode:: 404, Message:: The requested path /api/login not found!
2023-03-17 15:06:57 error: [POST] /api/auth/login >> StatusCode:: 404, Message:: The requested path /api/auth/login not found!
2023-03-17 15:07:11 error: [POST] /api/auth/login >> StatusCode:: 404, Message:: The requested path /api/auth/login not found!
2023-03-17 15:07:16 error: [POST] /api/login >> StatusCode:: 404, Message:: The requested path /api/login not found!
2023-03-17 15:07:23 error: [POST] /api/login >> StatusCode:: 404, Message:: The requested path /api/login not found!
2023-03-17 15:08:13 error: [POST] /api/login >> StatusCode:: 404, Message:: The requested path /api/login not found!
2023-03-17 15:08:49 error: [POST] /api/login >> StatusCode:: 404, Message:: The requested path /api/login not found!
2023-03-17 15:08:54 error: [POST] /login >> StatusCode:: 404, Message:: The requested path /login not found!
2023-03-17 15:09:14 error: [POST] /login >> StatusCode:: 404, Message:: The requested path /login not found!
2023-03-17 15:09:16 error: [POST] /login >> StatusCode:: 404, Message:: The requested path /login not found!
2023-03-17 15:09:38 error: [POST] /login >> StatusCode:: 401, Message:: Incorrect email or password
2023-03-17 15:11:57 error: [POST] /signup >> StatusCode:: 404, Message:: The requested path /signup not found!
2023-03-17 15:12:45 error: [POST] /signup >> StatusCode:: 404, Message:: The requested path /signup not found!
2023-03-17 15:12:51 error: [POST] /register >> StatusCode:: 404, Message:: The requested path /register not found!
2023-03-17 15:14:07 error: [POST] /login >> StatusCode:: 401, Message:: Incorrect email or password
2023-03-17 15:17:30 error: [POST] /login >> StatusCode:: 401, Message:: Incorrect email or password
2023-03-17 15:18:09 error: [POST] /login >> StatusCode:: 401, Message:: Incorrect email or password
2023-03-17 15:19:10 error: [POST] /login >> StatusCode:: 401, Message:: Incorrect email or password
2023-03-17 15:19:58 error: [POST] /login >> StatusCode:: 401, Message:: Incorrect email or password
2023-03-17 15:26:38 error: [POST] /register >> StatusCode:: 404, Message:: The requested path /register not found!
2023-03-17 15:31:36 error: [POST] /register >> StatusCode:: 404, Message:: The requested path /register not found!
2023-03-17 15:32:28 error: [POST] /register >> StatusCode:: 404, Message:: The requested path /register not found!
2023-03-17 15:32:46 error: [POST] /login >> StatusCode:: 401, Message:: Incorrect email or password
2023-03-17 15:32:55 error: [POST] /register >> StatusCode:: 404, Message:: The requested path /register not found!
2023-03-17 15:33:51 error: [POST] /verify-email >> StatusCode:: 404, Message:: Authentication token missing
2023-03-17 15:34:26 error: [POST] /verify-email >> StatusCode:: 404, Message:: Authentication token missing
2023-03-17 15:34:37 error: [POST] /verify-email >> StatusCode:: 401, Message:: Wrong authentication token
2023-03-17 15:35:06 error: [POST] /verify-email >> StatusCode:: 404, Message:: Authentication token missing
2023-03-17 15:35:30 error: [POST] /verify-email >> StatusCode:: 401, Message:: Email verification failed
2023-03-17 15:36:42 error: [POST] /login >> StatusCode:: 401, Message:: Incorrect email or password
2023-03-17 15:36:53 error: [POST] /login >> StatusCode:: 500, Message:: Cannot read properties of undefined (reading 'statusCode')
2023-03-17 15:38:43 error: [POST] /login >> StatusCode:: 500, Message:: Cannot read properties of undefined (reading 'statusCode')
2023-03-17 15:49:53 error: [POST] /send-verification-email >> StatusCode:: 500, Message:: Token validation failed: user: Path `user` is required.
2023-03-17 15:52:55 error: [POST] /send-verification-email >> StatusCode:: 500, Message:: Cannot read properties of undefined (reading 'email')
2023-03-17 15:53:15 error: [POST] /send-verification-email >> StatusCode:: 500, Message:: Cannot read properties of undefined (reading 'email')
2023-03-17 15:53:24 error: [POST] /send-verification-email >> StatusCode:: 500, Message:: Cannot read properties of undefined (reading 'email')
2023-03-17 15:53:42 error: [POST] /send-verification-email >> StatusCode:: 500, Message:: Cannot read properties of undefined (reading 'email')
2023-03-17 15:54:07 error: [POST] /send-verification-email >> StatusCode:: 500, Message:: Cannot read properties of undefined (reading 'email')
2023-03-17 15:54:25 error: [POST] /send-verification-email >> StatusCode:: 500, Message:: Token validation failed: user: Path `user` is required.
2023-03-17 15:56:23 error: [POST] /send-verification-email >> StatusCode:: 500, Message:: Token validation failed: user: Path `user` is required.
2023-03-17 15:57:55 error: [POST] /send-verification-email >> StatusCode:: 500, Message:: No recipients defined
2023-03-17 15:59:15 error: [POST] /send-verification-email >> StatusCode:: 500, Message:: Cannot read properties of undefined (reading 'statusCode')
2023-03-17 15:59:55 error: [POST] /verify-email >> StatusCode:: 401, Message:: Email verification failed
2023-03-17 16:03:41 error: [POST] /verify-email >> StatusCode:: 401, Message:: Email verification failed
2023-03-17 16:05:40 error: [POST] /verify-email >> StatusCode:: 401, Message:: Email verification failed
2023-03-17 16:06:21 error: [POST] /send-verification-email >> StatusCode:: 500, Message:: Cannot read properties of undefined (reading 'statusCode')
2023-03-17 16:06:53 error: [POST] /verify-email >> StatusCode:: 401, Message:: Email verification failed
2023-03-17 16:07:40 error: [POST] /verify-email >> StatusCode:: 400, Message:: You're not userId
2023-03-17 16:11:12 error: [POST] /verify-email >> StatusCode:: 400, Message:: You're not userId
2023-03-17 16:12:17 error: [POST] /login >> StatusCode:: 500, Message:: Cannot read properties of undefined (reading 'statusCode')
2023-03-17 16:12:35 error: [POST] /verify-email >> StatusCode:: 400, Message:: You're not userId
2023-03-17 16:15:19 error: [POST] /verify-email >> StatusCode:: 400, Message:: You're not userId
2023-03-17 16:19:25 error: [POST] /verify-email >> StatusCode:: 500, Message:: jwt expired
2023-03-17 16:19:39 error: [POST] /send-verification-email >> StatusCode:: 500, Message:: Cannot read properties of undefined (reading 'statusCode')
2023-03-17 16:19:59 error: [POST] /verify-email >> StatusCode:: 400, Message:: You're not userId
2023-03-17 16:20:45 error: [POST] /verify-email >> StatusCode:: 400, Message:: You're not userId
2023-03-17 16:21:38 error: [POST] /verify-email >> StatusCode:: 500, Message:: Cannot read properties of undefined (reading 'statusCode')
2023-03-17 16:22:32 error: uncaughtException: Channel closed
Error: Channel closed
    at new NodeError (node:internal/errors:387:5)
    at process.target.send (node:internal/child_process:749:16)
    at Object.exports.send (/Users/olashina/Documents/workspace/NIPTREX-backend/node_modules/ts-node-dev/lib/ipc.js:17:14)
    at /Users/olashina/Documents/workspace/NIPTREX-backend/node_modules/ts-node-dev/lib/wrap.js:88:9
    at Object.nodeDevHook [as .js] (/Users/olashina/Documents/workspace/NIPTREX-backend/node_modules/ts-node-dev/lib/hook.js:61:17)
    at Module.load (node:internal/modules/cjs/loader:1033:32)
    at Function.Module._load (node:internal/modules/cjs/loader:868:12)
    at Module.require (node:internal/modules/cjs/loader:1057:19)
    at require (node:internal/modules/cjs/helpers:103:18)
    at Object.getCodec (/Users/olashina/Documents/workspace/NIPTREX-backend/node_modules/iconv-lite/lib/index.js:65:27)
2023-03-17 16:22:32 error: uncaughtException: Channel closed
Error: Channel closed
    at new NodeError (node:internal/errors:387:5)
    at process.target.send (node:internal/child_process:749:16)
    at Object.exports.send (/Users/olashina/Documents/workspace/NIPTREX-backend/node_modules/ts-node-dev/lib/ipc.js:17:14)
    at /Users/olashina/Documents/workspace/NIPTREX-backend/node_modules/ts-node-dev/lib/wrap.js:88:9
    at Object.nodeDevHook [as .js] (/Users/olashina/Documents/workspace/NIPTREX-backend/node_modules/ts-node-dev/lib/hook.js:61:17)
    at Module.load (node:internal/modules/cjs/loader:1033:32)
    at Function.Module._load (node:internal/modules/cjs/loader:868:12)
    at Module.require (node:internal/modules/cjs/loader:1057:19)
    at require (node:internal/modules/cjs/helpers:103:18)
    at Object.getCodec (/Users/olashina/Documents/workspace/NIPTREX-backend/node_modules/iconv-lite/lib/index.js:65:27)
2023-03-17 16:22:54 error: [POST] /login >> StatusCode:: 500, Message:: Cannot read properties of undefined (reading 'statusCode')
2023-03-17 16:23:08 error: [POST] /verify-email >> StatusCode:: 500, Message:: Token not found
2023-03-17 16:23:18 error: [POST] /send-verification-email >> StatusCode:: 500, Message:: Cannot read properties of undefined (reading 'statusCode')
2023-03-17 16:25:22 error: [POST] /send-verification-email >> StatusCode:: 500, Message:: Cannot read properties of undefined (reading 'statusCode')
2023-03-17 16:26:21 error: [POST] /send-verification-email >> StatusCode:: 500, Message:: Cannot read properties of undefined (reading 'statusCode')
2023-03-17 16:26:50 error: [POST] /verify-email >> StatusCode:: 500, Message:: Cannot read properties of undefined (reading 'statusCode')
2023-03-17 16:28:33 error: [POST] /verify-email >> StatusCode:: 500, Message:: Token not found
2023-03-17 16:38:44 error: [POST] /send-verification-email >> StatusCode:: 500, Message:: Cannot read properties of undefined (reading 'statusCode')
2023-03-17 16:39:01 error: [POST] /verify-email >> StatusCode:: 500, Message:: Cannot read properties of undefined (reading 'statusCode')
2023-03-17 16:39:09 error: [POST] /login >> StatusCode:: 500, Message:: Cannot read properties of undefined (reading 'statusCode')
