2023-01-05 10:28:07 error: uncaughtException: IsOptional is not defined
ReferenceError: IsOptional is not defined
    at Object.<anonymous> (C:\Users\Yinka\Desktop\Codebase\Interpocket\Backend Resource\server\src\dtos\users.dto.ts:10:3)
    at Module._compile (internal/modules/cjs/loader.js:1085:14)
    at Module._compile (C:\Users\Yinka\Desktop\Codebase\Interpocket\Backend Resource\server\node_modules\source-map-support\source-map-support.js:568:25)
    at Module.m._compile (C:\Users\Yinka\AppData\Local\Temp\ts-node-dev-hook-8617348429168197.js:69:33)
    at Module._extensions..js (internal/modules/cjs/loader.js:1114:10)
    at require.extensions..jsx.require.extensions..js (C:\Users\Yinka\AppData\Local\Temp\ts-node-dev-hook-8617348429168197.js:114:20)
    at require.extensions.<computed> (C:\Users\Yinka\AppData\Local\Temp\ts-node-dev-hook-8617348429168197.js:71:20)
    at Object.nodeDevHook [as .ts] (C:\Users\Yinka\Desktop\Codebase\Interpocket\Backend Resource\server\node_modules\ts-node-dev\lib\hook.js:63:13)
    at Module.load (internal/modules/cjs/loader.js:950:32)
    at Function.Module._load (internal/modules/cjs/loader.js:790:14)
2023-01-05 10:28:17 error: uncaughtException: IsOptional is not defined
ReferenceError: IsOptional is not defined
    at Object.<anonymous> (C:\Users\Yinka\Desktop\Codebase\Interpocket\Backend Resource\server\src\dtos\users.dto.ts:10:3)
    at Module._compile (internal/modules/cjs/loader.js:1085:14)
    at Module._compile (C:\Users\Yinka\Desktop\Codebase\Interpocket\Backend Resource\server\node_modules\source-map-support\source-map-support.js:568:25)
    at Module.m._compile (C:\Users\Yinka\AppData\Local\Temp\ts-node-dev-hook-8617348429168197.js:69:33)
    at Module._extensions..js (internal/modules/cjs/loader.js:1114:10)
    at require.extensions..jsx.require.extensions..js (C:\Users\Yinka\AppData\Local\Temp\ts-node-dev-hook-8617348429168197.js:114:20)
    at require.extensions.<computed> (C:\Users\Yinka\AppData\Local\Temp\ts-node-dev-hook-8617348429168197.js:71:20)
    at Object.nodeDevHook [as .ts] (C:\Users\Yinka\Desktop\Codebase\Interpocket\Backend Resource\server\node_modules\ts-node-dev\lib\hook.js:63:13)
    at Module.load (internal/modules/cjs/loader.js:950:32)
    at Function.Module._load (internal/modules/cjs/loader.js:790:14)
2023-01-05 10:28:24 error: uncaughtException: Matches is not defined
ReferenceError: Matches is not defined
    at Object.<anonymous> (C:\Users\Yinka\Desktop\Codebase\Interpocket\Backend Resource\server\src\dtos\users.dto.ts:11:12)
    at Module._compile (internal/modules/cjs/loader.js:1085:14)
    at Module._compile (C:\Users\Yinka\Desktop\Codebase\Interpocket\Backend Resource\server\node_modules\source-map-support\source-map-support.js:568:25)
    at Module.m._compile (C:\Users\Yinka\AppData\Local\Temp\ts-node-dev-hook-8617348429168197.js:69:33)
    at Module._extensions..js (internal/modules/cjs/loader.js:1114:10)
    at require.extensions..jsx.require.extensions..js (C:\Users\Yinka\AppData\Local\Temp\ts-node-dev-hook-8617348429168197.js:114:20)
    at require.extensions.<computed> (C:\Users\Yinka\AppData\Local\Temp\ts-node-dev-hook-8617348429168197.js:71:20)
    at Object.nodeDevHook [as .ts] (C:\Users\Yinka\Desktop\Codebase\Interpocket\Backend Resource\server\node_modules\ts-node-dev\lib\hook.js:63:13)
    at Module.load (internal/modules/cjs/loader.js:950:32)
    at Function.Module._load (internal/modules/cjs/loader.js:790:14)
2023-01-05 10:28:30 error: uncaughtException: MinLength is not defined
ReferenceError: MinLength is not defined
    at Object.<anonymous> (C:\Users\Yinka\Desktop\Codebase\Interpocket\Backend Resource\server\src\dtos\users.dto.ts:12:11)
    at Module._compile (internal/modules/cjs/loader.js:1085:14)
    at Module._compile (C:\Users\Yinka\Desktop\Codebase\Interpocket\Backend Resource\server\node_modules\source-map-support\source-map-support.js:568:25)
    at Module.m._compile (C:\Users\Yinka\AppData\Local\Temp\ts-node-dev-hook-8617348429168197.js:69:33)
    at Module._extensions..js (internal/modules/cjs/loader.js:1114:10)
    at require.extensions..jsx.require.extensions..js (C:\Users\Yinka\AppData\Local\Temp\ts-node-dev-hook-8617348429168197.js:114:20)
    at require.extensions.<computed> (C:\Users\Yinka\AppData\Local\Temp\ts-node-dev-hook-8617348429168197.js:71:20)
    at Object.nodeDevHook [as .ts] (C:\Users\Yinka\Desktop\Codebase\Interpocket\Backend Resource\server\node_modules\ts-node-dev\lib\hook.js:63:13)
    at Module.load (internal/modules/cjs/loader.js:950:32)
    at Function.Module._load (internal/modules/cjs/loader.js:790:14)
2023-01-05 10:28:38 error: uncaughtException: MinLength is not defined
ReferenceError: MinLength is not defined
    at Object.<anonymous> (C:\Users\Yinka\Desktop\Codebase\Interpocket\Backend Resource\server\src\dtos\users.dto.ts:12:11)
    at Module._compile (internal/modules/cjs/loader.js:1085:14)
    at Module._compile (C:\Users\Yinka\Desktop\Codebase\Interpocket\Backend Resource\server\node_modules\source-map-support\source-map-support.js:568:25)
    at Module.m._compile (C:\Users\Yinka\AppData\Local\Temp\ts-node-dev-hook-8617348429168197.js:69:33)
    at Module._extensions..js (internal/modules/cjs/loader.js:1114:10)
    at require.extensions..jsx.require.extensions..js (C:\Users\Yinka\AppData\Local\Temp\ts-node-dev-hook-8617348429168197.js:114:20)
    at require.extensions.<computed> (C:\Users\Yinka\AppData\Local\Temp\ts-node-dev-hook-8617348429168197.js:71:20)
    at Object.nodeDevHook [as .ts] (C:\Users\Yinka\Desktop\Codebase\Interpocket\Backend Resource\server\node_modules\ts-node-dev\lib\hook.js:63:13)
    at Module.load (internal/modules/cjs/loader.js:950:32)
    at Function.Module._load (internal/modules/cjs/loader.js:790:14)
2023-01-05 10:28:44 error: uncaughtException: ToCase is not defined
ReferenceError: ToCase is not defined
    at Object.<anonymous> (C:\Users\Yinka\Desktop\Codebase\Interpocket\Backend Resource\server\src\dtos\users.dto.ts:14:13)
    at Module._compile (internal/modules/cjs/loader.js:1085:14)
    at Module._compile (C:\Users\Yinka\Desktop\Codebase\Interpocket\Backend Resource\server\node_modules\source-map-support\source-map-support.js:568:25)
    at Module.m._compile (C:\Users\Yinka\AppData\Local\Temp\ts-node-dev-hook-8617348429168197.js:69:33)
    at Module._extensions..js (internal/modules/cjs/loader.js:1114:10)
    at require.extensions..jsx.require.extensions..js (C:\Users\Yinka\AppData\Local\Temp\ts-node-dev-hook-8617348429168197.js:114:20)
    at require.extensions.<computed> (C:\Users\Yinka\AppData\Local\Temp\ts-node-dev-hook-8617348429168197.js:71:20)
    at Object.nodeDevHook [as .ts] (C:\Users\Yinka\Desktop\Codebase\Interpocket\Backend Resource\server\node_modules\ts-node-dev\lib\hook.js:63:13)
    at Module.load (internal/modules/cjs/loader.js:950:32)
    at Function.Module._load (internal/modules/cjs/loader.js:790:14)
2023-01-05 10:30:14 error: uncaughtException: ToCase is not defined
ReferenceError: ToCase is not defined
    at Object.<anonymous> (C:\Users\Yinka\Desktop\Codebase\Interpocket\Backend Resource\server\src\dtos\users.dto.ts:15:13)
    at Module._compile (internal/modules/cjs/loader.js:1085:14)
    at Module._compile (C:\Users\Yinka\Desktop\Codebase\Interpocket\Backend Resource\server\node_modules\source-map-support\source-map-support.js:568:25)
    at Module.m._compile (C:\Users\Yinka\AppData\Local\Temp\ts-node-dev-hook-8617348429168197.js:69:33)
    at Module._extensions..js (internal/modules/cjs/loader.js:1114:10)
    at require.extensions..jsx.require.extensions..js (C:\Users\Yinka\AppData\Local\Temp\ts-node-dev-hook-8617348429168197.js:114:20)
    at require.extensions.<computed> (C:\Users\Yinka\AppData\Local\Temp\ts-node-dev-hook-8617348429168197.js:71:20)
    at Object.nodeDevHook [as .ts] (C:\Users\Yinka\Desktop\Codebase\Interpocket\Backend Resource\server\node_modules\ts-node-dev\lib\hook.js:63:13)
    at Module.load (internal/modules/cjs/loader.js:950:32)
    at Function.Module._load (internal/modules/cjs/loader.js:790:14)
2023-01-05 10:31:41 error: uncaughtException: (0 , class_transformer_1.ToCase) is not a function
TypeError: (0 , class_transformer_1.ToCase) is not a function
    at Object.<anonymous> (C:\Users\Yinka\Desktop\Codebase\Interpocket\Backend Resource\server\src\dtos\users.dto.ts:16:10)
    at Module._compile (internal/modules/cjs/loader.js:1085:14)
    at Module._compile (C:\Users\Yinka\Desktop\Codebase\Interpocket\Backend Resource\server\node_modules\source-map-support\source-map-support.js:568:25)
    at Module.m._compile (C:\Users\Yinka\AppData\Local\Temp\ts-node-dev-hook-8617348429168197.js:69:33)
    at Module._extensions..js (internal/modules/cjs/loader.js:1114:10)
    at require.extensions..jsx.require.extensions..js (C:\Users\Yinka\AppData\Local\Temp\ts-node-dev-hook-8617348429168197.js:114:20)
    at require.extensions.<computed> (C:\Users\Yinka\AppData\Local\Temp\ts-node-dev-hook-8617348429168197.js:71:20)
    at Object.nodeDevHook [as .ts] (C:\Users\Yinka\Desktop\Codebase\Interpocket\Backend Resource\server\node_modules\ts-node-dev\lib\hook.js:63:13)
    at Module.load (internal/modules/cjs/loader.js:950:32)
    at Function.Module._load (internal/modules/cjs/loader.js:790:14)
2023-01-05 10:31:50 error: uncaughtException: (0 , class_transformer_1.ToCase) is not a function
TypeError: (0 , class_transformer_1.ToCase) is not a function
    at Object.<anonymous> (C:\Users\Yinka\Desktop\Codebase\Interpocket\Backend Resource\server\src\dtos\users.dto.ts:17:10)
    at Module._compile (internal/modules/cjs/loader.js:1085:14)
    at Module._compile (C:\Users\Yinka\Desktop\Codebase\Interpocket\Backend Resource\server\node_modules\source-map-support\source-map-support.js:568:25)
    at Module.m._compile (C:\Users\Yinka\AppData\Local\Temp\ts-node-dev-hook-8617348429168197.js:69:33)
    at Module._extensions..js (internal/modules/cjs/loader.js:1114:10)
    at require.extensions..jsx.require.extensions..js (C:\Users\Yinka\AppData\Local\Temp\ts-node-dev-hook-8617348429168197.js:114:20)
    at require.extensions.<computed> (C:\Users\Yinka\AppData\Local\Temp\ts-node-dev-hook-8617348429168197.js:71:20)
    at Object.nodeDevHook [as .ts] (C:\Users\Yinka\Desktop\Codebase\Interpocket\Backend Resource\server\node_modules\ts-node-dev\lib\hook.js:63:13)
    at Module.load (internal/modules/cjs/loader.js:950:32)
    at Function.Module._load (internal/modules/cjs/loader.js:790:14)
2023-01-05 10:35:59 error: uncaughtException: Exclude is not defined
ReferenceError: Exclude is not defined
    at Object.<anonymous> (C:\Users\Yinka\Desktop\Codebase\Interpocket\Backend Resource\server\src\dtos\users.dto.ts:9:12)
    at Module._compile (internal/modules/cjs/loader.js:1085:14)
    at Module._compile (C:\Users\Yinka\Desktop\Codebase\Interpocket\Backend Resource\server\node_modules\source-map-support\source-map-support.js:568:25)
    at Module.m._compile (C:\Users\Yinka\AppData\Local\Temp\ts-node-dev-hook-8617348429168197.js:69:33)
    at Module._extensions..js (internal/modules/cjs/loader.js:1114:10)
    at require.extensions..jsx.require.extensions..js (C:\Users\Yinka\AppData\Local\Temp\ts-node-dev-hook-8617348429168197.js:114:20)
    at require.extensions.<computed> (C:\Users\Yinka\AppData\Local\Temp\ts-node-dev-hook-8617348429168197.js:71:20)
    at Object.nodeDevHook [as .ts] (C:\Users\Yinka\Desktop\Codebase\Interpocket\Backend Resource\server\node_modules\ts-node-dev\lib\hook.js:63:13)
    at Module.load (internal/modules/cjs/loader.js:950:32)
    at Function.Module._load (internal/modules/cjs/loader.js:790:14)
2023-01-05 10:36:05 error: uncaughtException: Exclude is not defined
ReferenceError: Exclude is not defined
    at Object.<anonymous> (C:\Users\Yinka\Desktop\Codebase\Interpocket\Backend Resource\server\src\dtos\users.dto.ts:9:12)
    at Module._compile (internal/modules/cjs/loader.js:1085:14)
    at Module._compile (C:\Users\Yinka\Desktop\Codebase\Interpocket\Backend Resource\server\node_modules\source-map-support\source-map-support.js:568:25)
    at Module.m._compile (C:\Users\Yinka\AppData\Local\Temp\ts-node-dev-hook-8617348429168197.js:69:33)
    at Module._extensions..js (internal/modules/cjs/loader.js:1114:10)
    at require.extensions..jsx.require.extensions..js (C:\Users\Yinka\AppData\Local\Temp\ts-node-dev-hook-8617348429168197.js:114:20)
    at require.extensions.<computed> (C:\Users\Yinka\AppData\Local\Temp\ts-node-dev-hook-8617348429168197.js:71:20)
    at Object.nodeDevHook [as .ts] (C:\Users\Yinka\Desktop\Codebase\Interpocket\Backend Resource\server\node_modules\ts-node-dev\lib\hook.js:63:13)
    at Module.load (internal/modules/cjs/loader.js:950:32)
    at Function.Module._load (internal/modules/cjs/loader.js:790:14)
2023-01-05 10:36:11 error: uncaughtException: Exclude is not defined
ReferenceError: Exclude is not defined
    at Object.<anonymous> (C:\Users\Yinka\Desktop\Codebase\Interpocket\Backend Resource\server\src\dtos\users.dto.ts:9:12)
    at Module._compile (internal/modules/cjs/loader.js:1085:14)
    at Module._compile (C:\Users\Yinka\Desktop\Codebase\Interpocket\Backend Resource\server\node_modules\source-map-support\source-map-support.js:568:25)
    at Module.m._compile (C:\Users\Yinka\AppData\Local\Temp\ts-node-dev-hook-8617348429168197.js:69:33)
    at Module._extensions..js (internal/modules/cjs/loader.js:1114:10)
    at require.extensions..jsx.require.extensions..js (C:\Users\Yinka\AppData\Local\Temp\ts-node-dev-hook-8617348429168197.js:114:20)
    at require.extensions.<computed> (C:\Users\Yinka\AppData\Local\Temp\ts-node-dev-hook-8617348429168197.js:71:20)
    at Object.nodeDevHook [as .ts] (C:\Users\Yinka\Desktop\Codebase\Interpocket\Backend Resource\server\node_modules\ts-node-dev\lib\hook.js:63:13)
    at Module.load (internal/modules/cjs/loader.js:950:32)
    at Function.Module._load (internal/modules/cjs/loader.js:790:14)
2023-01-05 10:36:24 error: uncaughtException: (0 , class_transformer_1.ToCase) is not a function
TypeError: (0 , class_transformer_1.ToCase) is not a function
    at Object.<anonymous> (C:\Users\Yinka\Desktop\Codebase\Interpocket\Backend Resource\server\src\dtos\users.dto.ts:18:10)
    at Module._compile (internal/modules/cjs/loader.js:1085:14)
    at Module._compile (C:\Users\Yinka\Desktop\Codebase\Interpocket\Backend Resource\server\node_modules\source-map-support\source-map-support.js:568:25)
    at Module.m._compile (C:\Users\Yinka\AppData\Local\Temp\ts-node-dev-hook-8617348429168197.js:69:33)
    at Module._extensions..js (internal/modules/cjs/loader.js:1114:10)
    at require.extensions..jsx.require.extensions..js (C:\Users\Yinka\AppData\Local\Temp\ts-node-dev-hook-8617348429168197.js:114:20)
    at require.extensions.<computed> (C:\Users\Yinka\AppData\Local\Temp\ts-node-dev-hook-8617348429168197.js:71:20)
    at Object.nodeDevHook [as .ts] (C:\Users\Yinka\Desktop\Codebase\Interpocket\Backend Resource\server\node_modules\ts-node-dev\lib\hook.js:63:13)
    at Module.load (internal/modules/cjs/loader.js:950:32)
    at Function.Module._load (internal/modules/cjs/loader.js:790:14)
2023-01-05 10:37:46 error: uncaughtException: ToCase is not defined
ReferenceError: ToCase is not defined
    at Object.<anonymous> (C:\Users\Yinka\Desktop\Codebase\Interpocket\Backend Resource\server\src\dtos\users.dto.ts:15:13)
    at Module._compile (internal/modules/cjs/loader.js:1085:14)
    at Module._compile (C:\Users\Yinka\Desktop\Codebase\Interpocket\Backend Resource\server\node_modules\source-map-support\source-map-support.js:568:25)
    at Module.m._compile (C:\Users\Yinka\AppData\Local\Temp\ts-node-dev-hook-8617348429168197.js:69:33)
    at Module._extensions..js (internal/modules/cjs/loader.js:1114:10)
    at require.extensions..jsx.require.extensions..js (C:\Users\Yinka\AppData\Local\Temp\ts-node-dev-hook-8617348429168197.js:114:20)
    at require.extensions.<computed> (C:\Users\Yinka\AppData\Local\Temp\ts-node-dev-hook-8617348429168197.js:71:20)
    at Object.nodeDevHook [as .ts] (C:\Users\Yinka\Desktop\Codebase\Interpocket\Backend Resource\server\node_modules\ts-node-dev\lib\hook.js:63:13)
    at Module.load (internal/modules/cjs/loader.js:950:32)
    at Function.Module._load (internal/modules/cjs/loader.js:790:14)
2023-03-16 12:21:30 error: uncaughtException: Cannot set properties of undefined (setting 'mailer')
TypeError: Cannot set properties of undefined (setting 'mailer')
    at new Mail (/Users/olashina/Documents/workspace/express-typescript-starter/node_modules/nodemailer/lib/mailer/index.js:45:33)
    at Object.module.exports.createTransport (/Users/olashina/Documents/workspace/express-typescript-starter/node_modules/nodemailer/lib/nodemailer.js:53:14)
    at Object.<anonymous> (/Users/olashina/Documents/workspace/express-typescript-starter/src/modules/email/email.service.ts:6:37)
    at Module._compile (node:internal/modules/cjs/loader:1155:14)
    at Module._compile (/Users/olashina/Documents/workspace/express-typescript-starter/node_modules/source-map-support/source-map-support.js:568:25)
    at Module.m._compile (/private/var/folders/7y/g7wt7_g17x58s0b1kmllks7m0000gn/T/ts-node-dev-hook-5697377976465583.js:69:33)
    at Module._extensions..js (node:internal/modules/cjs/loader:1209:10)
    at require.extensions..jsx.require.extensions..js (/private/var/folders/7y/g7wt7_g17x58s0b1kmllks7m0000gn/T/ts-node-dev-hook-5697377976465583.js:114:20)
    at require.extensions.<computed> (/private/var/folders/7y/g7wt7_g17x58s0b1kmllks7m0000gn/T/ts-node-dev-hook-5697377976465583.js:71:20)
    at Object.nodeDevHook [as .ts] (/Users/olashina/Documents/workspace/express-typescript-starter/node_modules/ts-node-dev/lib/hook.js:63:13)
2023-03-16 12:23:09 error: uncaughtException: Cannot set properties of undefined (setting 'mailer')
TypeError: Cannot set properties of undefined (setting 'mailer')
    at new Mail (/Users/olashina/Documents/workspace/express-typescript-starter/node_modules/nodemailer/lib/mailer/index.js:45:33)
    at Object.module.exports.createTransport (/Users/olashina/Documents/workspace/express-typescript-starter/node_modules/nodemailer/lib/nodemailer.js:53:14)
    at Object.<anonymous> (/Users/olashina/Documents/workspace/express-typescript-starter/src/modules/email/email.service.ts:6:37)
    at Module._compile (node:internal/modules/cjs/loader:1155:14)
    at Module._compile (/Users/olashina/Documents/workspace/express-typescript-starter/node_modules/source-map-support/source-map-support.js:568:25)
    at Module.m._compile (/private/var/folders/7y/g7wt7_g17x58s0b1kmllks7m0000gn/T/ts-node-dev-hook-574993392640109.js:69:33)
    at Module._extensions..js (node:internal/modules/cjs/loader:1209:10)
    at require.extensions..jsx.require.extensions..js (/private/var/folders/7y/g7wt7_g17x58s0b1kmllks7m0000gn/T/ts-node-dev-hook-574993392640109.js:114:20)
    at require.extensions.<computed> (/private/var/folders/7y/g7wt7_g17x58s0b1kmllks7m0000gn/T/ts-node-dev-hook-574993392640109.js:71:20)
    at Object.nodeDevHook [as .ts] (/Users/olashina/Documents/workspace/express-typescript-starter/node_modules/ts-node-dev/lib/hook.js:63:13)
2023-03-16 12:24:27 error: uncaughtException: Cannot set properties of undefined (setting 'mailer')
TypeError: Cannot set properties of undefined (setting 'mailer')
    at new Mail (/Users/olashina/Documents/workspace/express-typescript-starter/node_modules/nodemailer/lib/mailer/index.js:45:33)
    at Object.module.exports.createTransport (/Users/olashina/Documents/workspace/express-typescript-starter/node_modules/nodemailer/lib/nodemailer.js:53:14)
    at Object.<anonymous> (/Users/olashina/Documents/workspace/express-typescript-starter/src/modules/email/email.service.ts:6:37)
    at Module._compile (node:internal/modules/cjs/loader:1155:14)
    at Module._compile (/Users/olashina/Documents/workspace/express-typescript-starter/node_modules/source-map-support/source-map-support.js:568:25)
    at Module.m._compile (/private/var/folders/7y/g7wt7_g17x58s0b1kmllks7m0000gn/T/ts-node-dev-hook-33227428046615537.js:69:33)
    at Module._extensions..js (node:internal/modules/cjs/loader:1209:10)
    at require.extensions..jsx.require.extensions..js (/private/var/folders/7y/g7wt7_g17x58s0b1kmllks7m0000gn/T/ts-node-dev-hook-33227428046615537.js:114:20)
    at require.extensions.<computed> (/private/var/folders/7y/g7wt7_g17x58s0b1kmllks7m0000gn/T/ts-node-dev-hook-33227428046615537.js:71:20)
    at Object.nodeDevHook [as .ts] (/Users/olashina/Documents/workspace/express-typescript-starter/node_modules/ts-node-dev/lib/hook.js:63:13)
2023-03-16 12:24:47 error: uncaughtException: Cannot set properties of undefined (setting 'mailer')
TypeError: Cannot set properties of undefined (setting 'mailer')
    at new Mail (/Users/olashina/Documents/workspace/express-typescript-starter/node_modules/nodemailer/lib/mailer/index.js:45:33)
    at Object.module.exports.createTransport (/Users/olashina/Documents/workspace/express-typescript-starter/node_modules/nodemailer/lib/nodemailer.js:53:14)
    at Object.<anonymous> (/Users/olashina/Documents/workspace/express-typescript-starter/src/modules/email/email.service.ts:6:37)
    at Module._compile (node:internal/modules/cjs/loader:1155:14)
    at Module._compile (/Users/olashina/Documents/workspace/express-typescript-starter/node_modules/source-map-support/source-map-support.js:568:25)
    at Module.m._compile (/private/var/folders/7y/g7wt7_g17x58s0b1kmllks7m0000gn/T/ts-node-dev-hook-33227428046615537.js:69:33)
    at Module._extensions..js (node:internal/modules/cjs/loader:1209:10)
    at require.extensions..jsx.require.extensions..js (/private/var/folders/7y/g7wt7_g17x58s0b1kmllks7m0000gn/T/ts-node-dev-hook-33227428046615537.js:114:20)
    at require.extensions.<computed> (/private/var/folders/7y/g7wt7_g17x58s0b1kmllks7m0000gn/T/ts-node-dev-hook-33227428046615537.js:71:20)
    at Object.nodeDevHook [as .ts] (/Users/olashina/Documents/workspace/express-typescript-starter/node_modules/ts-node-dev/lib/hook.js:63:13)
2023-03-16 12:25:26 error: uncaughtException: Cannot set properties of undefined (setting 'mailer')
TypeError: Cannot set properties of undefined (setting 'mailer')
    at new Mail (/Users/olashina/Documents/workspace/express-typescript-starter/node_modules/nodemailer/lib/mailer/index.js:45:33)
    at Object.module.exports.createTransport (/Users/olashina/Documents/workspace/express-typescript-starter/node_modules/nodemailer/lib/nodemailer.js:53:14)
    at Object.<anonymous> (/Users/olashina/Documents/workspace/express-typescript-starter/src/modules/email/email.service.ts:6:37)
    at Module._compile (node:internal/modules/cjs/loader:1155:14)
    at Module._compile (/Users/olashina/Documents/workspace/express-typescript-starter/node_modules/source-map-support/source-map-support.js:568:25)
    at Module.m._compile (/private/var/folders/7y/g7wt7_g17x58s0b1kmllks7m0000gn/T/ts-node-dev-hook-33227428046615537.js:69:33)
    at Module._extensions..js (node:internal/modules/cjs/loader:1209:10)
    at require.extensions..jsx.require.extensions..js (/private/var/folders/7y/g7wt7_g17x58s0b1kmllks7m0000gn/T/ts-node-dev-hook-33227428046615537.js:114:20)
    at require.extensions.<computed> (/private/var/folders/7y/g7wt7_g17x58s0b1kmllks7m0000gn/T/ts-node-dev-hook-33227428046615537.js:71:20)
    at Object.nodeDevHook [as .ts] (/Users/olashina/Documents/workspace/express-typescript-starter/node_modules/ts-node-dev/lib/hook.js:63:13)
2023-03-16 12:26:08 error: uncaughtException: Cannot set properties of undefined (setting 'mailer')
TypeError: Cannot set properties of undefined (setting 'mailer')
    at new Mail (/Users/olashina/Documents/workspace/express-typescript-starter/node_modules/nodemailer/lib/mailer/index.js:45:33)
    at Object.module.exports.createTransport (/Users/olashina/Documents/workspace/express-typescript-starter/node_modules/nodemailer/lib/nodemailer.js:53:14)
    at Object.<anonymous> (/Users/olashina/Documents/workspace/express-typescript-starter/src/modules/email/email.service.ts:6:37)
    at Module._compile (node:internal/modules/cjs/loader:1155:14)
    at Module._compile (/Users/olashina/Documents/workspace/express-typescript-starter/node_modules/source-map-support/source-map-support.js:568:25)
    at Module.m._compile (/private/var/folders/7y/g7wt7_g17x58s0b1kmllks7m0000gn/T/ts-node-dev-hook-33227428046615537.js:69:33)
    at Module._extensions..js (node:internal/modules/cjs/loader:1209:10)
    at require.extensions..jsx.require.extensions..js (/private/var/folders/7y/g7wt7_g17x58s0b1kmllks7m0000gn/T/ts-node-dev-hook-33227428046615537.js:114:20)
    at require.extensions.<computed> (/private/var/folders/7y/g7wt7_g17x58s0b1kmllks7m0000gn/T/ts-node-dev-hook-33227428046615537.js:71:20)
    at Object.nodeDevHook [as .ts] (/Users/olashina/Documents/workspace/express-typescript-starter/node_modules/ts-node-dev/lib/hook.js:63:13)
2023-03-16 12:26:14 error: uncaughtException: Cannot set properties of undefined (setting 'mailer')
TypeError: Cannot set properties of undefined (setting 'mailer')
    at new Mail (/Users/olashina/Documents/workspace/express-typescript-starter/node_modules/nodemailer/lib/mailer/index.js:45:33)
    at Object.module.exports.createTransport (/Users/olashina/Documents/workspace/express-typescript-starter/node_modules/nodemailer/lib/nodemailer.js:53:14)
    at Object.<anonymous> (/Users/olashina/Documents/workspace/express-typescript-starter/src/modules/email/email.service.ts:6:37)
    at Module._compile (node:internal/modules/cjs/loader:1155:14)
    at Module._compile (/Users/olashina/Documents/workspace/express-typescript-starter/node_modules/source-map-support/source-map-support.js:568:25)
    at Module.m._compile (/private/var/folders/7y/g7wt7_g17x58s0b1kmllks7m0000gn/T/ts-node-dev-hook-33227428046615537.js:69:33)
    at Module._extensions..js (node:internal/modules/cjs/loader:1209:10)
    at require.extensions..jsx.require.extensions..js (/private/var/folders/7y/g7wt7_g17x58s0b1kmllks7m0000gn/T/ts-node-dev-hook-33227428046615537.js:114:20)
    at require.extensions.<computed> (/private/var/folders/7y/g7wt7_g17x58s0b1kmllks7m0000gn/T/ts-node-dev-hook-33227428046615537.js:71:20)
    at Object.nodeDevHook [as .ts] (/Users/olashina/Documents/workspace/express-typescript-starter/node_modules/ts-node-dev/lib/hook.js:63:13)
2023-03-16 12:38:53 error: uncaughtException: Channel closed
Error: Channel closed
    at new NodeError (node:internal/errors:387:5)
    at process.target.send (node:internal/child_process:749:16)
    at Object.exports.send (/Users/olashina/Documents/workspace/express-typescript-starter/node_modules/ts-node-dev/lib/ipc.js:17:14)
    at /Users/olashina/Documents/workspace/express-typescript-starter/node_modules/ts-node-dev/lib/wrap.js:88:9
    at Object.nodeDevHook [as .js] (/Users/olashina/Documents/workspace/express-typescript-starter/node_modules/ts-node-dev/lib/hook.js:61:17)
    at Module.load (node:internal/modules/cjs/loader:1033:32)
    at Function.Module._load (node:internal/modules/cjs/loader:868:12)
    at Module.require (node:internal/modules/cjs/loader:1057:19)
    at require (node:internal/modules/cjs/helpers:103:18)
    at Object.getCodec (/Users/olashina/Documents/workspace/express-typescript-starter/node_modules/iconv-lite/lib/index.js:65:27)
2023-03-16 12:38:53 error: uncaughtException: Channel closed
Error: Channel closed
    at new NodeError (node:internal/errors:387:5)
    at process.target.send (node:internal/child_process:749:16)
    at Object.exports.send (/Users/olashina/Documents/workspace/express-typescript-starter/node_modules/ts-node-dev/lib/ipc.js:17:14)
    at /Users/olashina/Documents/workspace/express-typescript-starter/node_modules/ts-node-dev/lib/wrap.js:88:9
    at Object.nodeDevHook [as .js] (/Users/olashina/Documents/workspace/express-typescript-starter/node_modules/ts-node-dev/lib/hook.js:61:17)
    at Module.load (node:internal/modules/cjs/loader:1033:32)
    at Function.Module._load (node:internal/modules/cjs/loader:868:12)
    at Module.require (node:internal/modules/cjs/loader:1057:19)
    at require (node:internal/modules/cjs/helpers:103:18)
    at Object.getCodec (/Users/olashina/Documents/workspace/express-typescript-starter/node_modules/iconv-lite/lib/index.js:65:27)
2023-03-16 18:17:45 error: unhandledRejection: email quadri201@gmail.com already exists
Error: email quadri201@gmail.com already exists
    at AuthService.signup (/Users/olashina/Documents/workspace/NIPTREX-backend/src/services/auth.service.ts:21:25)
    at processTicksAndRejections (node:internal/process/task_queues:96:5)
    at AuthController.signUp (/Users/olashina/Documents/workspace/NIPTREX-backend/src/controllers/auth.controller.ts:13:35)
2023-03-16 18:17:45 error: unhandledRejection: email quadri201@gmail.com already exists
Error: email quadri201@gmail.com already exists
    at AuthService.signup (/Users/olashina/Documents/workspace/NIPTREX-backend/src/services/auth.service.ts:21:25)
    at processTicksAndRejections (node:internal/process/task_queues:96:5)
    at AuthController.signUp (/Users/olashina/Documents/workspace/NIPTREX-backend/src/controllers/auth.controller.ts:13:35)
2023-03-17 13:11:16 error: uncaughtException: Cannot set properties of undefined (setting 'mailer')
TypeError: Cannot set properties of undefined (setting 'mailer')
    at new Mail (/Users/olashina/Documents/workspace/NIPTREX-backend/node_modules/nodemailer/lib/mailer/index.js:45:33)
    at Object.module.exports.createTransport (/Users/olashina/Documents/workspace/NIPTREX-backend/node_modules/nodemailer/lib/nodemailer.js:53:14)
    at Object.<anonymous> (/Users/olashina/Documents/workspace/NIPTREX-backend/src/modules/email/email.service.ts:6:37)
    at Module._compile (node:internal/modules/cjs/loader:1155:14)
    at Module._compile (/Users/olashina/Documents/workspace/NIPTREX-backend/node_modules/source-map-support/source-map-support.js:568:25)
    at Module.m._compile (/private/var/folders/7y/g7wt7_g17x58s0b1kmllks7m0000gn/T/ts-node-dev-hook-47264422776966986.js:69:33)
    at Module._extensions..js (node:internal/modules/cjs/loader:1209:10)
    at require.extensions..jsx.require.extensions..js (/private/var/folders/7y/g7wt7_g17x58s0b1kmllks7m0000gn/T/ts-node-dev-hook-47264422776966986.js:114:20)
    at require.extensions.<computed> (/private/var/folders/7y/g7wt7_g17x58s0b1kmllks7m0000gn/T/ts-node-dev-hook-47264422776966986.js:71:20)
    at Object.nodeDevHook [as .ts] (/Users/olashina/Documents/workspace/NIPTREX-backend/node_modules/ts-node-dev/lib/hook.js:63:13)
2023-03-17 13:14:45 error: uncaughtException: ⨯ Unable to compile TypeScript:
src/modules/email/email.service.ts(68,1): error TS1005: '}' expected.
src/modules/email/email.service.ts(111,1): error TS1005: '}' expected.

Error: ⨯ Unable to compile TypeScript:
src/modules/email/email.service.ts(68,1): error TS1005: '}' expected.
src/modules/email/email.service.ts(111,1): error TS1005: '}' expected.

    at Object.<anonymous> (/Users/olashina/Documents/workspace/NIPTREX-backend/src/modules/email/email.service.ts:1:7)
    at Module._compile (node:internal/modules/cjs/loader:1155:14)
    at Module._compile (/Users/olashina/Documents/workspace/NIPTREX-backend/node_modules/source-map-support/source-map-support.js:568:25)
    at Module.m._compile (/private/var/folders/7y/g7wt7_g17x58s0b1kmllks7m0000gn/T/ts-node-dev-hook-47264422776966986.js:69:33)
    at Module._extensions..js (node:internal/modules/cjs/loader:1209:10)
    at require.extensions..jsx.require.extensions..js (/private/var/folders/7y/g7wt7_g17x58s0b1kmllks7m0000gn/T/ts-node-dev-hook-47264422776966986.js:114:20)
    at require.extensions.<computed> (/private/var/folders/7y/g7wt7_g17x58s0b1kmllks7m0000gn/T/ts-node-dev-hook-47264422776966986.js:71:20)
    at Object.nodeDevHook [as .ts] (/Users/olashina/Documents/workspace/NIPTREX-backend/node_modules/ts-node-dev/lib/hook.js:63:13)
    at Module.load (node:internal/modules/cjs/loader:1033:32)
    at Function.Module._load (node:internal/modules/cjs/loader:868:12)
2023-03-17 13:14:59 error: uncaughtException: ⨯ Unable to compile TypeScript:
src/modules/email/email.service.ts(111,1): error TS1005: '}' expected.

Error: ⨯ Unable to compile TypeScript:
src/modules/email/email.service.ts(111,1): error TS1005: '}' expected.

    at Object.<anonymous> (/Users/olashina/Documents/workspace/NIPTREX-backend/src/modules/email/email.service.ts:1:7)
    at Module._compile (node:internal/modules/cjs/loader:1155:14)
    at Module._compile (/Users/olashina/Documents/workspace/NIPTREX-backend/node_modules/source-map-support/source-map-support.js:568:25)
    at Module.m._compile (/private/var/folders/7y/g7wt7_g17x58s0b1kmllks7m0000gn/T/ts-node-dev-hook-47264422776966986.js:69:33)
    at Module._extensions..js (node:internal/modules/cjs/loader:1209:10)
    at require.extensions..jsx.require.extensions..js (/private/var/folders/7y/g7wt7_g17x58s0b1kmllks7m0000gn/T/ts-node-dev-hook-47264422776966986.js:114:20)
    at require.extensions.<computed> (/private/var/folders/7y/g7wt7_g17x58s0b1kmllks7m0000gn/T/ts-node-dev-hook-47264422776966986.js:71:20)
    at Object.nodeDevHook [as .ts] (/Users/olashina/Documents/workspace/NIPTREX-backend/node_modules/ts-node-dev/lib/hook.js:63:13)
    at Module.load (node:internal/modules/cjs/loader:1033:32)
    at Function.Module._load (node:internal/modules/cjs/loader:868:12)
2023-03-17 13:15:04 error: uncaughtException: ⨯ Unable to compile TypeScript:
src/modules/email/email.service.ts(112,1): error TS1005: '}' expected.

Error: ⨯ Unable to compile TypeScript:
src/modules/email/email.service.ts(112,1): error TS1005: '}' expected.

    at Object.<anonymous> (/Users/olashina/Documents/workspace/NIPTREX-backend/src/modules/email/email.service.ts:1:7)
    at Module._compile (node:internal/modules/cjs/loader:1155:14)
    at Module._compile (/Users/olashina/Documents/workspace/NIPTREX-backend/node_modules/source-map-support/source-map-support.js:568:25)
    at Module.m._compile (/private/var/folders/7y/g7wt7_g17x58s0b1kmllks7m0000gn/T/ts-node-dev-hook-47264422776966986.js:69:33)
    at Module._extensions..js (node:internal/modules/cjs/loader:1209:10)
    at require.extensions..jsx.require.extensions..js (/private/var/folders/7y/g7wt7_g17x58s0b1kmllks7m0000gn/T/ts-node-dev-hook-47264422776966986.js:114:20)
    at require.extensions.<computed> (/private/var/folders/7y/g7wt7_g17x58s0b1kmllks7m0000gn/T/ts-node-dev-hook-47264422776966986.js:71:20)
    at Object.nodeDevHook [as .ts] (/Users/olashina/Documents/workspace/NIPTREX-backend/node_modules/ts-node-dev/lib/hook.js:63:13)
    at Module.load (node:internal/modules/cjs/loader:1033:32)
    at Function.Module._load (node:internal/modules/cjs/loader:868:12)
2023-03-17 13:15:16 error: uncaughtException: ⨯ Unable to compile TypeScript:
src/modules/email/email.service.ts(108,1): error TS1005: '}' expected.

Error: ⨯ Unable to compile TypeScript:
src/modules/email/email.service.ts(108,1): error TS1005: '}' expected.

    at Object.<anonymous> (/Users/olashina/Documents/workspace/NIPTREX-backend/src/modules/email/email.service.ts:1:7)
    at Module._compile (node:internal/modules/cjs/loader:1155:14)
    at Module._compile (/Users/olashina/Documents/workspace/NIPTREX-backend/node_modules/source-map-support/source-map-support.js:568:25)
    at Module.m._compile (/private/var/folders/7y/g7wt7_g17x58s0b1kmllks7m0000gn/T/ts-node-dev-hook-47264422776966986.js:69:33)
    at Module._extensions..js (node:internal/modules/cjs/loader:1209:10)
    at require.extensions..jsx.require.extensions..js (/private/var/folders/7y/g7wt7_g17x58s0b1kmllks7m0000gn/T/ts-node-dev-hook-47264422776966986.js:114:20)
    at require.extensions.<computed> (/private/var/folders/7y/g7wt7_g17x58s0b1kmllks7m0000gn/T/ts-node-dev-hook-47264422776966986.js:71:20)
    at Object.nodeDevHook [as .ts] (/Users/olashina/Documents/workspace/NIPTREX-backend/node_modules/ts-node-dev/lib/hook.js:63:13)
    at Module.load (node:internal/modules/cjs/loader:1033:32)
    at Function.Module._load (node:internal/modules/cjs/loader:868:12)
2023-03-17 13:15:30 error: uncaughtException: ⨯ Unable to compile TypeScript:
src/modules/email/email.service.ts(108,1): error TS1005: '}' expected.

Error: ⨯ Unable to compile TypeScript:
src/modules/email/email.service.ts(108,1): error TS1005: '}' expected.

    at Object.<anonymous> (/Users/olashina/Documents/workspace/NIPTREX-backend/src/modules/email/email.service.ts:1:7)
    at Module._compile (node:internal/modules/cjs/loader:1155:14)
    at Module._compile (/Users/olashina/Documents/workspace/NIPTREX-backend/node_modules/source-map-support/source-map-support.js:568:25)
    at Module.m._compile (/private/var/folders/7y/g7wt7_g17x58s0b1kmllks7m0000gn/T/ts-node-dev-hook-47264422776966986.js:69:33)
    at Module._extensions..js (node:internal/modules/cjs/loader:1209:10)
    at require.extensions..jsx.require.extensions..js (/private/var/folders/7y/g7wt7_g17x58s0b1kmllks7m0000gn/T/ts-node-dev-hook-47264422776966986.js:114:20)
    at require.extensions.<computed> (/private/var/folders/7y/g7wt7_g17x58s0b1kmllks7m0000gn/T/ts-node-dev-hook-47264422776966986.js:71:20)
    at Object.nodeDevHook [as .ts] (/Users/olashina/Documents/workspace/NIPTREX-backend/node_modules/ts-node-dev/lib/hook.js:63:13)
    at Module.load (node:internal/modules/cjs/loader:1033:32)
    at Function.Module._load (node:internal/modules/cjs/loader:868:12)
2023-03-17 16:22:32 error: uncaughtException: Channel closed
Error: Channel closed
    at new NodeError (node:internal/errors:387:5)
    at process.target.send (node:internal/child_process:749:16)
    at Object.exports.send (/Users/olashina/Documents/workspace/NIPTREX-backend/node_modules/ts-node-dev/lib/ipc.js:17:14)
    at /Users/olashina/Documents/workspace/NIPTREX-backend/node_modules/ts-node-dev/lib/wrap.js:88:9
    at Object.nodeDevHook [as .js] (/Users/olashina/Documents/workspace/NIPTREX-backend/node_modules/ts-node-dev/lib/hook.js:61:17)
    at Module.load (node:internal/modules/cjs/loader:1033:32)
    at Function.Module._load (node:internal/modules/cjs/loader:868:12)
    at Module.require (node:internal/modules/cjs/loader:1057:19)
    at require (node:internal/modules/cjs/helpers:103:18)
    at Object.getCodec (/Users/olashina/Documents/workspace/NIPTREX-backend/node_modules/iconv-lite/lib/index.js:65:27)
2023-03-17 16:22:32 error: uncaughtException: Channel closed
Error: Channel closed
    at new NodeError (node:internal/errors:387:5)
    at process.target.send (node:internal/child_process:749:16)
    at Object.exports.send (/Users/olashina/Documents/workspace/NIPTREX-backend/node_modules/ts-node-dev/lib/ipc.js:17:14)
    at /Users/olashina/Documents/workspace/NIPTREX-backend/node_modules/ts-node-dev/lib/wrap.js:88:9
    at Object.nodeDevHook [as .js] (/Users/olashina/Documents/workspace/NIPTREX-backend/node_modules/ts-node-dev/lib/hook.js:61:17)
    at Module.load (node:internal/modules/cjs/loader:1033:32)
    at Function.Module._load (node:internal/modules/cjs/loader:868:12)
    at Module.require (node:internal/modules/cjs/loader:1057:19)
    at require (node:internal/modules/cjs/helpers:103:18)
    at Object.getCodec (/Users/olashina/Documents/workspace/NIPTREX-backend/node_modules/iconv-lite/lib/index.js:65:27)
2023-03-17 16:53:19 error: uncaughtException: Channel closed
Error: Channel closed
    at new NodeError (node:internal/errors:387:5)
    at process.target.send (node:internal/child_process:749:16)
    at Object.exports.send (/Users/olashina/Documents/workspace/NIPTREX-backend/node_modules/ts-node-dev/lib/ipc.js:17:14)
    at /Users/olashina/Documents/workspace/NIPTREX-backend/node_modules/ts-node-dev/lib/wrap.js:88:9
    at Object.nodeDevHook [as .js] (/Users/olashina/Documents/workspace/NIPTREX-backend/node_modules/ts-node-dev/lib/hook.js:61:17)
    at Module.load (node:internal/modules/cjs/loader:1033:32)
    at Function.Module._load (node:internal/modules/cjs/loader:868:12)
    at Module.require (node:internal/modules/cjs/loader:1057:19)
    at require (node:internal/modules/cjs/helpers:103:18)
    at Object.getCodec (/Users/olashina/Documents/workspace/NIPTREX-backend/node_modules/iconv-lite/lib/index.js:65:27)
2023-03-17 16:53:19 error: uncaughtException: Channel closed
Error: Channel closed
    at new NodeError (node:internal/errors:387:5)
    at process.target.send (node:internal/child_process:749:16)
    at Object.exports.send (/Users/olashina/Documents/workspace/NIPTREX-backend/node_modules/ts-node-dev/lib/ipc.js:17:14)
    at /Users/olashina/Documents/workspace/NIPTREX-backend/node_modules/ts-node-dev/lib/wrap.js:88:9
    at Object.nodeDevHook [as .js] (/Users/olashina/Documents/workspace/NIPTREX-backend/node_modules/ts-node-dev/lib/hook.js:61:17)
    at Module.load (node:internal/modules/cjs/loader:1033:32)
    at Function.Module._load (node:internal/modules/cjs/loader:868:12)
    at Module.require (node:internal/modules/cjs/loader:1057:19)
    at require (node:internal/modules/cjs/helpers:103:18)
    at Object.getCodec (/Users/olashina/Documents/workspace/NIPTREX-backend/node_modules/iconv-lite/lib/index.js:65:27)
2023-03-22 15:00:39 error: unhandledRejection: Maximum call stack size exceeded
RangeError: Maximum call stack size exceeded
    at /Users/olashina/Documents/workspace/NIPTREX-backend/src/middlewares/validation.middleware.ts:26:35
    at processTicksAndRejections (node:internal/process/task_queues:96:5)
    at /Users/olashina/Documents/workspace/NIPTREX-backend/src/middlewares/validation.middleware.ts:22:7
2023-03-22 15:00:39 error: unhandledRejection: Maximum call stack size exceeded
RangeError: Maximum call stack size exceeded
    at /Users/olashina/Documents/workspace/NIPTREX-backend/src/middlewares/validation.middleware.ts:26:35
    at processTicksAndRejections (node:internal/process/task_queues:96:5)
    at /Users/olashina/Documents/workspace/NIPTREX-backend/src/middlewares/validation.middleware.ts:22:7
2023-03-22 15:02:13 error: unhandledRejection: Maximum call stack size exceeded
RangeError: Maximum call stack size exceeded
    at /Users/olashina/Documents/workspace/NIPTREX-backend/src/middlewares/validation.middleware.ts:26:35
    at processTicksAndRejections (node:internal/process/task_queues:96:5)
    at /Users/olashina/Documents/workspace/NIPTREX-backend/src/middlewares/validation.middleware.ts:22:7
2023-03-22 15:02:13 error: unhandledRejection: Maximum call stack size exceeded
RangeError: Maximum call stack size exceeded
    at /Users/olashina/Documents/workspace/NIPTREX-backend/src/middlewares/validation.middleware.ts:26:35
    at processTicksAndRejections (node:internal/process/task_queues:96:5)
    at /Users/olashina/Documents/workspace/NIPTREX-backend/src/middlewares/validation.middleware.ts:22:7
2023-03-22 15:02:44 error: unhandledRejection: Maximum call stack size exceeded
RangeError: Maximum call stack size exceeded
    at /Users/olashina/Documents/workspace/NIPTREX-backend/src/middlewares/validation.middleware.ts:26:35
    at processTicksAndRejections (node:internal/process/task_queues:96:5)
    at /Users/olashina/Documents/workspace/NIPTREX-backend/src/middlewares/validation.middleware.ts:22:7
2023-03-22 15:02:44 error: unhandledRejection: Maximum call stack size exceeded
RangeError: Maximum call stack size exceeded
    at /Users/olashina/Documents/workspace/NIPTREX-backend/src/middlewares/validation.middleware.ts:26:35
    at processTicksAndRejections (node:internal/process/task_queues:96:5)
    at /Users/olashina/Documents/workspace/NIPTREX-backend/src/middlewares/validation.middleware.ts:22:7
2023-03-22 15:22:28 error: unhandledRejection: Maximum call stack size exceeded
RangeError: Maximum call stack size exceeded
    at /Users/olashina/Documents/workspace/NIPTREX-backend/src/middlewares/validation.middleware.ts:26:35
    at processTicksAndRejections (node:internal/process/task_queues:96:5)
    at /Users/olashina/Documents/workspace/NIPTREX-backend/src/middlewares/validation.middleware.ts:22:7
2023-03-22 15:22:28 error: unhandledRejection: Maximum call stack size exceeded
RangeError: Maximum call stack size exceeded
    at /Users/olashina/Documents/workspace/NIPTREX-backend/src/middlewares/validation.middleware.ts:26:35
    at processTicksAndRejections (node:internal/process/task_queues:96:5)
    at /Users/olashina/Documents/workspace/NIPTREX-backend/src/middlewares/validation.middleware.ts:22:7
2023-03-22 15:25:55 error: uncaughtException: Channel closed
Error: Channel closed
    at new NodeError (node:internal/errors:387:5)
    at process.target.send (node:internal/child_process:749:16)
    at Object.exports.send (/Users/olashina/Documents/workspace/NIPTREX-backend/node_modules/ts-node-dev/lib/ipc.js:17:14)
    at /Users/olashina/Documents/workspace/NIPTREX-backend/node_modules/ts-node-dev/lib/wrap.js:88:9
    at Object.nodeDevHook [as .js] (/Users/olashina/Documents/workspace/NIPTREX-backend/node_modules/ts-node-dev/lib/hook.js:61:17)
    at Module.load (node:internal/modules/cjs/loader:1033:32)
    at Function.Module._load (node:internal/modules/cjs/loader:868:12)
    at Module.require (node:internal/modules/cjs/loader:1057:19)
    at require (node:internal/modules/cjs/helpers:103:18)
    at Object.getCodec (/Users/olashina/Documents/workspace/NIPTREX-backend/node_modules/iconv-lite/lib/index.js:65:27)
2023-03-22 15:25:55 error: uncaughtException: Channel closed
Error: Channel closed
    at new NodeError (node:internal/errors:387:5)
    at process.target.send (node:internal/child_process:749:16)
    at Object.exports.send (/Users/olashina/Documents/workspace/NIPTREX-backend/node_modules/ts-node-dev/lib/ipc.js:17:14)
    at /Users/olashina/Documents/workspace/NIPTREX-backend/node_modules/ts-node-dev/lib/wrap.js:88:9
    at Object.nodeDevHook [as .js] (/Users/olashina/Documents/workspace/NIPTREX-backend/node_modules/ts-node-dev/lib/hook.js:61:17)
    at Module.load (node:internal/modules/cjs/loader:1033:32)
    at Function.Module._load (node:internal/modules/cjs/loader:868:12)
    at Module.require (node:internal/modules/cjs/loader:1057:19)
    at require (node:internal/modules/cjs/helpers:103:18)
    at Object.getCodec (/Users/olashina/Documents/workspace/NIPTREX-backend/node_modules/iconv-lite/lib/index.js:65:27)
2023-03-22 15:26:53 error: unhandledRejection: Maximum call stack size exceeded
RangeError: Maximum call stack size exceeded
    at /Users/olashina/Documents/workspace/NIPTREX-backend/src/middlewares/validation.middleware.ts:26:35
    at processTicksAndRejections (node:internal/process/task_queues:96:5)
    at /Users/olashina/Documents/workspace/NIPTREX-backend/src/middlewares/validation.middleware.ts:22:7
2023-03-22 15:26:53 error: unhandledRejection: Maximum call stack size exceeded
RangeError: Maximum call stack size exceeded
    at /Users/olashina/Documents/workspace/NIPTREX-backend/src/middlewares/validation.middleware.ts:26:35
    at processTicksAndRejections (node:internal/process/task_queues:96:5)
    at /Users/olashina/Documents/workspace/NIPTREX-backend/src/middlewares/validation.middleware.ts:22:7
2023-03-22 15:27:27 error: unhandledRejection: Maximum call stack size exceeded
RangeError: Maximum call stack size exceeded
    at /Users/olashina/Documents/workspace/NIPTREX-backend/src/middlewares/validation.middleware.ts:26:35
    at processTicksAndRejections (node:internal/process/task_queues:96:5)
    at /Users/olashina/Documents/workspace/NIPTREX-backend/src/middlewares/validation.middleware.ts:22:7
2023-03-22 15:27:27 error: unhandledRejection: Maximum call stack size exceeded
RangeError: Maximum call stack size exceeded
    at /Users/olashina/Documents/workspace/NIPTREX-backend/src/middlewares/validation.middleware.ts:26:35
    at processTicksAndRejections (node:internal/process/task_queues:96:5)
    at /Users/olashina/Documents/workspace/NIPTREX-backend/src/middlewares/validation.middleware.ts:22:7
2023-03-24 09:20:05 error: unhandledRejection: Maximum call stack size exceeded
RangeError: Maximum call stack size exceeded
    at /Users/olashina/Documents/workspace/NIPTREX-backend/src/middlewares/validation.middleware.ts:26:35
    at processTicksAndRejections (node:internal/process/task_queues:96:5)
    at /Users/olashina/Documents/workspace/NIPTREX-backend/src/middlewares/validation.middleware.ts:22:7
2023-03-24 09:20:05 error: unhandledRejection: Maximum call stack size exceeded
RangeError: Maximum call stack size exceeded
    at /Users/olashina/Documents/workspace/NIPTREX-backend/src/middlewares/validation.middleware.ts:26:35
    at processTicksAndRejections (node:internal/process/task_queues:96:5)
    at /Users/olashina/Documents/workspace/NIPTREX-backend/src/middlewares/validation.middleware.ts:22:7
2023-03-24 09:20:55 error: unhandledRejection: Maximum call stack size exceeded
RangeError: Maximum call stack size exceeded
    at /Users/olashina/Documents/workspace/NIPTREX-backend/src/middlewares/validation.middleware.ts:26:35
    at processTicksAndRejections (node:internal/process/task_queues:96:5)
    at /Users/olashina/Documents/workspace/NIPTREX-backend/src/middlewares/validation.middleware.ts:22:7
2023-03-24 09:20:55 error: unhandledRejection: Maximum call stack size exceeded
RangeError: Maximum call stack size exceeded
    at /Users/olashina/Documents/workspace/NIPTREX-backend/src/middlewares/validation.middleware.ts:26:35
    at processTicksAndRejections (node:internal/process/task_queues:96:5)
    at /Users/olashina/Documents/workspace/NIPTREX-backend/src/middlewares/validation.middleware.ts:22:7
2023-03-24 09:25:35 error: unhandledRejection: Maximum call stack size exceeded
RangeError: Maximum call stack size exceeded
    at /Users/olashina/Documents/workspace/NIPTREX-backend/src/middlewares/validation.middleware.ts:26:35
    at processTicksAndRejections (node:internal/process/task_queues:96:5)
    at /Users/olashina/Documents/workspace/NIPTREX-backend/src/middlewares/validation.middleware.ts:22:7
2023-03-24 09:25:35 error: unhandledRejection: Maximum call stack size exceeded
RangeError: Maximum call stack size exceeded
    at /Users/olashina/Documents/workspace/NIPTREX-backend/src/middlewares/validation.middleware.ts:26:35
    at processTicksAndRejections (node:internal/process/task_queues:96:5)
    at /Users/olashina/Documents/workspace/NIPTREX-backend/src/middlewares/validation.middleware.ts:22:7
2023-03-29 00:44:02 error: uncaughtException: Route.post() requires a callback function but got a [object Undefined]
Error: Route.post() requires a callback function but got a [object Undefined]
    at Route.<computed> [as post] (/Users/olashina/Documents/workspace/NIPTREX-backend/node_modules/express/lib/router/route.js:211:15)
    at Function.proto.<computed> [as post] (/Users/olashina/Documents/workspace/NIPTREX-backend/node_modules/express/lib/router/index.js:521:19)
    at ProfileRoute.initializeRoutes (/Users/olashina/Documents/workspace/NIPTREX-backend/src/routes/profile.route.ts:16:17)
    at new ProfileRoute (/Users/olashina/Documents/workspace/NIPTREX-backend/src/routes/profile.route.ts:12:10)
    at Object.<anonymous> (/Users/olashina/Documents/workspace/NIPTREX-backend/src/server.ts:11:75)
    at Module._compile (node:internal/modules/cjs/loader:1155:14)
    at Module._compile (/Users/olashina/Documents/workspace/NIPTREX-backend/node_modules/source-map-support/source-map-support.js:568:25)
    at Module.m._compile (/private/var/folders/7y/g7wt7_g17x58s0b1kmllks7m0000gn/T/ts-node-dev-hook-9242982932312214.js:69:33)
    at Module._extensions..js (node:internal/modules/cjs/loader:1209:10)
    at require.extensions..jsx.require.extensions..js (/private/var/folders/7y/g7wt7_g17x58s0b1kmllks7m0000gn/T/ts-node-dev-hook-9242982932312214.js:114:20)
2023-03-29 00:44:44 error: uncaughtException: Route.post() requires a callback function but got a [object Undefined]
Error: Route.post() requires a callback function but got a [object Undefined]
    at Route.<computed> [as post] (/Users/olashina/Documents/workspace/NIPTREX-backend/node_modules/express/lib/router/route.js:211:15)
    at Function.proto.<computed> [as post] (/Users/olashina/Documents/workspace/NIPTREX-backend/node_modules/express/lib/router/index.js:521:19)
    at ProfileRoute.initializeRoutes (/Users/olashina/Documents/workspace/NIPTREX-backend/src/routes/profile.route.ts:16:17)
    at new ProfileRoute (/Users/olashina/Documents/workspace/NIPTREX-backend/src/routes/profile.route.ts:12:10)
    at Object.<anonymous> (/Users/olashina/Documents/workspace/NIPTREX-backend/src/server.ts:11:75)
    at Module._compile (node:internal/modules/cjs/loader:1155:14)
    at Module._compile (/Users/olashina/Documents/workspace/NIPTREX-backend/node_modules/source-map-support/source-map-support.js:568:25)
    at Module.m._compile (/private/var/folders/7y/g7wt7_g17x58s0b1kmllks7m0000gn/T/ts-node-dev-hook-04194583057514478.js:69:33)
    at Module._extensions..js (node:internal/modules/cjs/loader:1209:10)
    at require.extensions..jsx.require.extensions..js (/private/var/folders/7y/g7wt7_g17x58s0b1kmllks7m0000gn/T/ts-node-dev-hook-04194583057514478.js:114:20)
2023-03-29 00:45:38 error: uncaughtException: Route.post() requires a callback function but got a [object Undefined]
Error: Route.post() requires a callback function but got a [object Undefined]
    at Route.<computed> [as post] (/Users/olashina/Documents/workspace/NIPTREX-backend/node_modules/express/lib/router/route.js:211:15)
    at Function.proto.<computed> [as post] (/Users/olashina/Documents/workspace/NIPTREX-backend/node_modules/express/lib/router/index.js:521:19)
    at ProfileRoute.initializeRoutes (/Users/olashina/Documents/workspace/NIPTREX-backend/src/routes/profile.route.ts:16:17)
    at new ProfileRoute (/Users/olashina/Documents/workspace/NIPTREX-backend/src/routes/profile.route.ts:12:10)
    at Object.<anonymous> (/Users/olashina/Documents/workspace/NIPTREX-backend/src/server.ts:11:75)
    at Module._compile (node:internal/modules/cjs/loader:1155:14)
    at Module._compile (/Users/olashina/Documents/workspace/NIPTREX-backend/node_modules/source-map-support/source-map-support.js:568:25)
    at Module.m._compile (/private/var/folders/7y/g7wt7_g17x58s0b1kmllks7m0000gn/T/ts-node-dev-hook-04194583057514478.js:69:33)
    at Module._extensions..js (node:internal/modules/cjs/loader:1209:10)
    at require.extensions..jsx.require.extensions..js (/private/var/folders/7y/g7wt7_g17x58s0b1kmllks7m0000gn/T/ts-node-dev-hook-04194583057514478.js:114:20)
2023-03-29 00:45:46 error: uncaughtException: Route.post() requires a callback function but got a [object Undefined]
Error: Route.post() requires a callback function but got a [object Undefined]
    at Route.<computed> [as post] (/Users/olashina/Documents/workspace/NIPTREX-backend/node_modules/express/lib/router/route.js:211:15)
    at Function.proto.<computed> [as post] (/Users/olashina/Documents/workspace/NIPTREX-backend/node_modules/express/lib/router/index.js:521:19)
    at ProfileRoute.initializeRoutes (/Users/olashina/Documents/workspace/NIPTREX-backend/src/routes/profile.route.ts:16:17)
    at new ProfileRoute (/Users/olashina/Documents/workspace/NIPTREX-backend/src/routes/profile.route.ts:12:10)
    at Object.<anonymous> (/Users/olashina/Documents/workspace/NIPTREX-backend/src/server.ts:11:75)
    at Module._compile (node:internal/modules/cjs/loader:1155:14)
    at Module._compile (/Users/olashina/Documents/workspace/NIPTREX-backend/node_modules/source-map-support/source-map-support.js:568:25)
    at Module.m._compile (/private/var/folders/7y/g7wt7_g17x58s0b1kmllks7m0000gn/T/ts-node-dev-hook-04194583057514478.js:69:33)
    at Module._extensions..js (node:internal/modules/cjs/loader:1209:10)
    at require.extensions..jsx.require.extensions..js (/private/var/folders/7y/g7wt7_g17x58s0b1kmllks7m0000gn/T/ts-node-dev-hook-04194583057514478.js:114:20)
2023-03-29 00:45:52 error: uncaughtException: Route.get() requires a callback function but got a [object Undefined]
Error: Route.get() requires a callback function but got a [object Undefined]
    at Route.<computed> [as get] (/Users/olashina/Documents/workspace/NIPTREX-backend/node_modules/express/lib/router/route.js:211:15)
    at Function.proto.<computed> [as get] (/Users/olashina/Documents/workspace/NIPTREX-backend/node_modules/express/lib/router/index.js:521:19)
    at ProfileRoute.initializeRoutes (/Users/olashina/Documents/workspace/NIPTREX-backend/src/routes/profile.route.ts:17:17)
    at new ProfileRoute (/Users/olashina/Documents/workspace/NIPTREX-backend/src/routes/profile.route.ts:12:10)
    at Object.<anonymous> (/Users/olashina/Documents/workspace/NIPTREX-backend/src/server.ts:11:75)
    at Module._compile (node:internal/modules/cjs/loader:1155:14)
    at Module._compile (/Users/olashina/Documents/workspace/NIPTREX-backend/node_modules/source-map-support/source-map-support.js:568:25)
    at Module.m._compile (/private/var/folders/7y/g7wt7_g17x58s0b1kmllks7m0000gn/T/ts-node-dev-hook-04194583057514478.js:69:33)
    at Module._extensions..js (node:internal/modules/cjs/loader:1209:10)
    at require.extensions..jsx.require.extensions..js (/private/var/folders/7y/g7wt7_g17x58s0b1kmllks7m0000gn/T/ts-node-dev-hook-04194583057514478.js:114:20)
2023-03-29 00:45:59 error: uncaughtException: Route.patch() requires a callback function but got a [object Undefined]
Error: Route.patch() requires a callback function but got a [object Undefined]
    at Route.<computed> [as patch] (/Users/olashina/Documents/workspace/NIPTREX-backend/node_modules/express/lib/router/route.js:211:15)
    at Function.proto.<computed> [as patch] (/Users/olashina/Documents/workspace/NIPTREX-backend/node_modules/express/lib/router/index.js:521:19)
    at ProfileRoute.initializeRoutes (/Users/olashina/Documents/workspace/NIPTREX-backend/src/routes/profile.route.ts:18:17)
    at new ProfileRoute (/Users/olashina/Documents/workspace/NIPTREX-backend/src/routes/profile.route.ts:12:10)
    at Object.<anonymous> (/Users/olashina/Documents/workspace/NIPTREX-backend/src/server.ts:11:75)
    at Module._compile (node:internal/modules/cjs/loader:1155:14)
    at Module._compile (/Users/olashina/Documents/workspace/NIPTREX-backend/node_modules/source-map-support/source-map-support.js:568:25)
    at Module.m._compile (/private/var/folders/7y/g7wt7_g17x58s0b1kmllks7m0000gn/T/ts-node-dev-hook-04194583057514478.js:69:33)
    at Module._extensions..js (node:internal/modules/cjs/loader:1209:10)
    at require.extensions..jsx.require.extensions..js (/private/var/folders/7y/g7wt7_g17x58s0b1kmllks7m0000gn/T/ts-node-dev-hook-04194583057514478.js:114:20)
2023-03-29 00:46:04 error: uncaughtException: ⨯ Unable to compile TypeScript:
src/routes/profile.route.ts(18,89): error TS1003: Identifier expected.

Error: ⨯ Unable to compile TypeScript:
src/routes/profile.route.ts(18,89): error TS1003: Identifier expected.

    at Object.<anonymous> (/Users/olashina/Documents/workspace/NIPTREX-backend/src/routes/profile.route.ts:1:7)
    at Module._compile (node:internal/modules/cjs/loader:1155:14)
    at Module._compile (/Users/olashina/Documents/workspace/NIPTREX-backend/node_modules/source-map-support/source-map-support.js:568:25)
    at Module.m._compile (/private/var/folders/7y/g7wt7_g17x58s0b1kmllks7m0000gn/T/ts-node-dev-hook-04194583057514478.js:69:33)
    at Module._extensions..js (node:internal/modules/cjs/loader:1209:10)
    at require.extensions..jsx.require.extensions..js (/private/var/folders/7y/g7wt7_g17x58s0b1kmllks7m0000gn/T/ts-node-dev-hook-04194583057514478.js:114:20)
    at require.extensions.<computed> (/private/var/folders/7y/g7wt7_g17x58s0b1kmllks7m0000gn/T/ts-node-dev-hook-04194583057514478.js:71:20)
    at Object.nodeDevHook [as .ts] (/Users/olashina/Documents/workspace/NIPTREX-backend/node_modules/ts-node-dev/lib/hook.js:63:13)
    at Module.load (node:internal/modules/cjs/loader:1033:32)
    at Function.Module._load (node:internal/modules/cjs/loader:868:12)
2023-03-29 00:51:02 error: uncaughtException: Profile is not defined
ReferenceError: Profile is not defined
    at new IndexController (/Users/olashina/Documents/workspace/NIPTREX-backend/src/controllers/index.controller.ts:7:25)
    at new IndexRoute (/Users/olashina/Documents/workspace/NIPTREX-backend/src/routes/index.route.ts:8:28)
    at Object.<anonymous> (/Users/olashina/Documents/workspace/NIPTREX-backend/src/server.ts:11:22)
    at Module._compile (node:internal/modules/cjs/loader:1155:14)
    at Module._compile (/Users/olashina/Documents/workspace/NIPTREX-backend/node_modules/source-map-support/source-map-support.js:568:25)
    at Module.m._compile (/private/var/folders/7y/g7wt7_g17x58s0b1kmllks7m0000gn/T/ts-node-dev-hook-07935325120459513.js:69:33)
    at Module._extensions..js (node:internal/modules/cjs/loader:1209:10)
    at require.extensions..jsx.require.extensions..js (/private/var/folders/7y/g7wt7_g17x58s0b1kmllks7m0000gn/T/ts-node-dev-hook-07935325120459513.js:114:20)
    at require.extensions.<computed> (/private/var/folders/7y/g7wt7_g17x58s0b1kmllks7m0000gn/T/ts-node-dev-hook-07935325120459513.js:71:20)
    at Object.nodeDevHook [as .ts] (/Users/olashina/Documents/workspace/NIPTREX-backend/node_modules/ts-node-dev/lib/hook.js:63:13)
2023-04-03 18:34:41 error: uncaughtException: Invalid schema configuration: `ToLocaleString` is not a valid type at path `start_date`. See https://bit.ly/mongoose-schematypes for a list of valid schema types.
TypeError: Invalid schema configuration: `ToLocaleString` is not a valid type at path `start_date`. See https://bit.ly/mongoose-schematypes for a list of valid schema types.
    at Schema.interpretAsType (/Users/olashina/Documents/workspace/NIPTREX-backend/node_modules/mongoose/lib/schema.js:1251:11)
    at Schema.path (/Users/olashina/Documents/workspace/NIPTREX-backend/node_modules/mongoose/lib/schema.js:882:27)
    at Schema.add (/Users/olashina/Documents/workspace/NIPTREX-backend/node_modules/mongoose/lib/schema.js:636:14)
    at new Schema (/Users/olashina/Documents/workspace/NIPTREX-backend/node_modules/mongoose/lib/schema.js:133:10)
    at Object.<anonymous> (/Users/olashina/Documents/workspace/NIPTREX-backend/src/models/profile.model.ts:14:34)
    at Module._compile (node:internal/modules/cjs/loader:1155:14)
    at Module._compile (/Users/olashina/Documents/workspace/NIPTREX-backend/node_modules/source-map-support/source-map-support.js:568:25)
    at Module.m._compile (/private/var/folders/7y/g7wt7_g17x58s0b1kmllks7m0000gn/T/ts-node-dev-hook-5863748516134406.js:69:33)
    at Module._extensions..js (node:internal/modules/cjs/loader:1209:10)
    at require.extensions..jsx.require.extensions..js (/private/var/folders/7y/g7wt7_g17x58s0b1kmllks7m0000gn/T/ts-node-dev-hook-5863748516134406.js:114:20)
2023-04-04 22:39:48 error: uncaughtException: Channel closed
Error: Channel closed
    at new NodeError (node:internal/errors:387:5)
    at process.target.send (node:internal/child_process:749:16)
    at Object.exports.send (/Users/olashina/Documents/workspace/NIPTREX-backend/node_modules/ts-node-dev/lib/ipc.js:17:14)
    at /Users/olashina/Documents/workspace/NIPTREX-backend/node_modules/ts-node-dev/lib/wrap.js:88:9
    at Object.nodeDevHook [as .js] (/Users/olashina/Documents/workspace/NIPTREX-backend/node_modules/ts-node-dev/lib/hook.js:61:17)
    at Module.load (node:internal/modules/cjs/loader:1033:32)
    at Function.Module._load (node:internal/modules/cjs/loader:868:12)
    at Module.require (node:internal/modules/cjs/loader:1057:19)
    at require (node:internal/modules/cjs/helpers:103:18)
    at Object.getCodec (/Users/olashina/Documents/workspace/NIPTREX-backend/node_modules/iconv-lite/lib/index.js:65:27)
2023-04-04 22:39:48 error: uncaughtException: Channel closed
Error: Channel closed
    at new NodeError (node:internal/errors:387:5)
    at process.target.send (node:internal/child_process:749:16)
    at Object.exports.send (/Users/olashina/Documents/workspace/NIPTREX-backend/node_modules/ts-node-dev/lib/ipc.js:17:14)
    at /Users/olashina/Documents/workspace/NIPTREX-backend/node_modules/ts-node-dev/lib/wrap.js:88:9
    at Object.nodeDevHook [as .js] (/Users/olashina/Documents/workspace/NIPTREX-backend/node_modules/ts-node-dev/lib/hook.js:61:17)
    at Module.load (node:internal/modules/cjs/loader:1033:32)
    at Function.Module._load (node:internal/modules/cjs/loader:868:12)
    at Module.require (node:internal/modules/cjs/loader:1057:19)
    at require (node:internal/modules/cjs/helpers:103:18)
    at Object.getCodec (/Users/olashina/Documents/workspace/NIPTREX-backend/node_modules/iconv-lite/lib/index.js:65:27)
2023-04-17 15:28:37 error: uncaughtException: Channel closed
Error: Channel closed
    at new NodeError (node:internal/errors:387:5)
    at process.target.send (node:internal/child_process:749:16)
    at Object.exports.send (/Users/olashina/Documents/workspace/NIPTREX-backend/node_modules/ts-node-dev/lib/ipc.js:17:14)
    at /Users/olashina/Documents/workspace/NIPTREX-backend/node_modules/ts-node-dev/lib/wrap.js:88:9
    at Object.nodeDevHook [as .js] (/Users/olashina/Documents/workspace/NIPTREX-backend/node_modules/ts-node-dev/lib/hook.js:61:17)
    at Module.load (node:internal/modules/cjs/loader:1033:32)
    at Function.Module._load (node:internal/modules/cjs/loader:868:12)
    at Module.require (node:internal/modules/cjs/loader:1057:19)
    at require (node:internal/modules/cjs/helpers:103:18)
    at Object.getCodec (/Users/olashina/Documents/workspace/NIPTREX-backend/node_modules/iconv-lite/lib/index.js:65:27)
2023-04-17 15:28:37 error: uncaughtException: Channel closed
Error: Channel closed
    at new NodeError (node:internal/errors:387:5)
    at process.target.send (node:internal/child_process:749:16)
    at Object.exports.send (/Users/olashina/Documents/workspace/NIPTREX-backend/node_modules/ts-node-dev/lib/ipc.js:17:14)
    at /Users/olashina/Documents/workspace/NIPTREX-backend/node_modules/ts-node-dev/lib/wrap.js:88:9
    at Object.nodeDevHook [as .js] (/Users/olashina/Documents/workspace/NIPTREX-backend/node_modules/ts-node-dev/lib/hook.js:61:17)
    at Module.load (node:internal/modules/cjs/loader:1033:32)
    at Function.Module._load (node:internal/modules/cjs/loader:868:12)
    at Module.require (node:internal/modules/cjs/loader:1057:19)
    at require (node:internal/modules/cjs/helpers:103:18)
    at Object.getCodec (/Users/olashina/Documents/workspace/NIPTREX-backend/node_modules/iconv-lite/lib/index.js:65:27)
2023-04-23 23:01:42 error: uncaughtException: Virtual path "total_hours" conflicts with a real path in the schema
Error: Virtual path "total_hours" conflicts with a real path in the schema
    at Schema.virtual (/Users/olashina/Documents/workspace/NIPTREX-backend/node_modules/mongoose/lib/schema.js:2066:11)
    at Object.<anonymous> (/Users/olashina/Documents/workspace/NIPTREX-backend/src/models/profile.model.ts:168:13)
    at Module._compile (node:internal/modules/cjs/loader:1155:14)
    at Module._compile (/Users/olashina/Documents/workspace/NIPTREX-backend/node_modules/source-map-support/source-map-support.js:568:25)
    at Module.m._compile (/private/var/folders/7y/g7wt7_g17x58s0b1kmllks7m0000gn/T/ts-node-dev-hook-7387411349721147.js:69:33)
    at Module._extensions..js (node:internal/modules/cjs/loader:1209:10)
    at require.extensions..jsx.require.extensions..js (/private/var/folders/7y/g7wt7_g17x58s0b1kmllks7m0000gn/T/ts-node-dev-hook-7387411349721147.js:114:20)
    at require.extensions.<computed> (/private/var/folders/7y/g7wt7_g17x58s0b1kmllks7m0000gn/T/ts-node-dev-hook-7387411349721147.js:71:20)
    at Object.nodeDevHook [as .ts] (/Users/olashina/Documents/workspace/NIPTREX-backend/node_modules/ts-node-dev/lib/hook.js:63:13)
    at Module.load (node:internal/modules/cjs/loader:1033:32)
2023-04-28 21:51:47 error: uncaughtException: Channel closed
Error: Channel closed
    at new NodeError (node:internal/errors:387:5)
    at process.target.send (node:internal/child_process:749:16)
    at Object.exports.send (/Users/olashina/Documents/workspace/NIPTREX-backend/node_modules/ts-node-dev/lib/ipc.js:17:14)
    at /Users/olashina/Documents/workspace/NIPTREX-backend/node_modules/ts-node-dev/lib/wrap.js:88:9
    at Object.nodeDevHook [as .js] (/Users/olashina/Documents/workspace/NIPTREX-backend/node_modules/ts-node-dev/lib/hook.js:61:17)
    at Module.load (node:internal/modules/cjs/loader:1033:32)
    at Function.Module._load (node:internal/modules/cjs/loader:868:12)
    at Module.require (node:internal/modules/cjs/loader:1057:19)
    at require (node:internal/modules/cjs/helpers:103:18)
    at Object.getCodec (/Users/olashina/Documents/workspace/NIPTREX-backend/node_modules/iconv-lite/lib/index.js:65:27)
2023-04-28 21:51:47 error: uncaughtException: Channel closed
Error: Channel closed
    at new NodeError (node:internal/errors:387:5)
    at process.target.send (node:internal/child_process:749:16)
    at Object.exports.send (/Users/olashina/Documents/workspace/NIPTREX-backend/node_modules/ts-node-dev/lib/ipc.js:17:14)
    at /Users/olashina/Documents/workspace/NIPTREX-backend/node_modules/ts-node-dev/lib/wrap.js:88:9
    at Object.nodeDevHook [as .js] (/Users/olashina/Documents/workspace/NIPTREX-backend/node_modules/ts-node-dev/lib/hook.js:61:17)
    at Module.load (node:internal/modules/cjs/loader:1033:32)
    at Function.Module._load (node:internal/modules/cjs/loader:868:12)
    at Module.require (node:internal/modules/cjs/loader:1057:19)
    at require (node:internal/modules/cjs/helpers:103:18)
    at Object.getCodec (/Users/olashina/Documents/workspace/NIPTREX-backend/node_modules/iconv-lite/lib/index.js:65:27)
2023-05-02 07:16:47 error: uncaughtException: Cannot overwrite `SavedJob` model once compiled.
OverwriteModelError: Cannot overwrite `SavedJob` model once compiled.
    at Mongoose.model (/Users/olashina/Documents/workspace/NIPTREX-backend/node_modules/mongoose/lib/index.js:544:13)
    at Object.<anonymous> (/Users/olashina/Documents/workspace/NIPTREX-backend/src/models/job.model.ts:90:19)
    at Module._compile (node:internal/modules/cjs/loader:1155:14)
    at Module._compile (/Users/olashina/Documents/workspace/NIPTREX-backend/node_modules/source-map-support/source-map-support.js:568:25)
    at Module.m._compile (/private/var/folders/7y/g7wt7_g17x58s0b1kmllks7m0000gn/T/ts-node-dev-hook-10614348297943099.js:69:33)
    at Module._extensions..js (node:internal/modules/cjs/loader:1209:10)
    at require.extensions..jsx.require.extensions..js (/private/var/folders/7y/g7wt7_g17x58s0b1kmllks7m0000gn/T/ts-node-dev-hook-10614348297943099.js:114:20)
    at require.extensions.<computed> (/private/var/folders/7y/g7wt7_g17x58s0b1kmllks7m0000gn/T/ts-node-dev-hook-10614348297943099.js:71:20)
    at Object.nodeDevHook [as .ts] (/Users/olashina/Documents/workspace/NIPTREX-backend/node_modules/ts-node-dev/lib/hook.js:63:13)
    at Module.load (node:internal/modules/cjs/loader:1033:32)
2023-05-02 21:12:11 error: unhandledRejection: Cannot read properties of undefined (reading '_id')
TypeError: Cannot read properties of undefined (reading '_id')
    at /Users/olashina/Documents/workspace/NIPTREX-backend/src/services/job.service.ts:202:40
    at /Users/olashina/Documents/workspace/NIPTREX-backend/node_modules/mongoose/lib/model.js:4953:18
    at processTicksAndRejections (node:internal/process/task_queues:78:11)
2023-05-02 21:12:11 error: unhandledRejection: Cannot read properties of undefined (reading '_id')
TypeError: Cannot read properties of undefined (reading '_id')
    at /Users/olashina/Documents/workspace/NIPTREX-backend/src/services/job.service.ts:202:40
    at /Users/olashina/Documents/workspace/NIPTREX-backend/node_modules/mongoose/lib/model.js:4953:18
    at processTicksAndRejections (node:internal/process/task_queues:78:11)
2023-05-02 21:13:57 error: unhandledRejection: Cannot read properties of undefined (reading '_id')
TypeError: Cannot read properties of undefined (reading '_id')
    at /Users/olashina/Documents/workspace/NIPTREX-backend/src/services/job.service.ts:202:40
    at /Users/olashina/Documents/workspace/NIPTREX-backend/node_modules/mongoose/lib/model.js:4953:18
    at processTicksAndRejections (node:internal/process/task_queues:78:11)
2023-05-02 21:13:57 error: unhandledRejection: Cannot read properties of undefined (reading '_id')
TypeError: Cannot read properties of undefined (reading '_id')
    at /Users/olashina/Documents/workspace/NIPTREX-backend/src/services/job.service.ts:202:40
    at /Users/olashina/Documents/workspace/NIPTREX-backend/node_modules/mongoose/lib/model.js:4953:18
    at processTicksAndRejections (node:internal/process/task_queues:78:11)
2023-05-06 14:55:50 error: uncaughtException: Channel closed
Error: Channel closed
    at new NodeError (node:internal/errors:387:5)
    at process.target.send (node:internal/child_process:749:16)
    at Object.exports.send (/Users/olashina/Documents/workspace/NIPTREX-backend/node_modules/ts-node-dev/lib/ipc.js:17:14)
    at /Users/olashina/Documents/workspace/NIPTREX-backend/node_modules/ts-node-dev/lib/wrap.js:88:9
    at Object.nodeDevHook [as .js] (/Users/olashina/Documents/workspace/NIPTREX-backend/node_modules/ts-node-dev/lib/hook.js:61:17)
    at Module.load (node:internal/modules/cjs/loader:1033:32)
    at Function.Module._load (node:internal/modules/cjs/loader:868:12)
    at Module.require (node:internal/modules/cjs/loader:1057:19)
    at require (node:internal/modules/cjs/helpers:103:18)
    at Object.getCodec (/Users/olashina/Documents/workspace/NIPTREX-backend/node_modules/iconv-lite/lib/index.js:65:27)
2023-05-06 14:55:50 error: uncaughtException: Channel closed
Error: Channel closed
    at new NodeError (node:internal/errors:387:5)
    at process.target.send (node:internal/child_process:749:16)
    at Object.exports.send (/Users/olashina/Documents/workspace/NIPTREX-backend/node_modules/ts-node-dev/lib/ipc.js:17:14)
    at /Users/olashina/Documents/workspace/NIPTREX-backend/node_modules/ts-node-dev/lib/wrap.js:88:9
    at Object.nodeDevHook [as .js] (/Users/olashina/Documents/workspace/NIPTREX-backend/node_modules/ts-node-dev/lib/hook.js:61:17)
    at Module.load (node:internal/modules/cjs/loader:1033:32)
    at Function.Module._load (node:internal/modules/cjs/loader:868:12)
    at Module.require (node:internal/modules/cjs/loader:1057:19)
    at require (node:internal/modules/cjs/helpers:103:18)
    at Object.getCodec (/Users/olashina/Documents/workspace/NIPTREX-backend/node_modules/iconv-lite/lib/index.js:65:27)
2023-05-10 21:25:08 error: uncaughtException: Channel closed
Error: Channel closed
    at new NodeError (node:internal/errors:387:5)
    at process.target.send (node:internal/child_process:749:16)
    at Object.exports.send (/Users/olashina/Documents/workspace/NIPTREX-backend/node_modules/ts-node-dev/lib/ipc.js:17:14)
    at /Users/olashina/Documents/workspace/NIPTREX-backend/node_modules/ts-node-dev/lib/wrap.js:88:9
    at Object.nodeDevHook [as .js] (/Users/olashina/Documents/workspace/NIPTREX-backend/node_modules/ts-node-dev/lib/hook.js:61:17)
    at Module.load (node:internal/modules/cjs/loader:1033:32)
    at Function.Module._load (node:internal/modules/cjs/loader:868:12)
    at Module.require (node:internal/modules/cjs/loader:1057:19)
    at require (node:internal/modules/cjs/helpers:103:18)
    at Object.getCodec (/Users/olashina/Documents/workspace/NIPTREX-backend/node_modules/iconv-lite/lib/index.js:65:27)
2023-05-10 21:25:08 error: uncaughtException: Channel closed
Error: Channel closed
    at new NodeError (node:internal/errors:387:5)
    at process.target.send (node:internal/child_process:749:16)
    at Object.exports.send (/Users/olashina/Documents/workspace/NIPTREX-backend/node_modules/ts-node-dev/lib/ipc.js:17:14)
    at /Users/olashina/Documents/workspace/NIPTREX-backend/node_modules/ts-node-dev/lib/wrap.js:88:9
    at Object.nodeDevHook [as .js] (/Users/olashina/Documents/workspace/NIPTREX-backend/node_modules/ts-node-dev/lib/hook.js:61:17)
    at Module.load (node:internal/modules/cjs/loader:1033:32)
    at Function.Module._load (node:internal/modules/cjs/loader:868:12)
    at Module.require (node:internal/modules/cjs/loader:1057:19)
    at require (node:internal/modules/cjs/helpers:103:18)
    at Object.getCodec (/Users/olashina/Documents/workspace/NIPTREX-backend/node_modules/iconv-lite/lib/index.js:65:27)
2023-05-10 21:35:13 error: unhandledRejection: id can not be empty
Error: id can not be empty
    at AboutService.getAboutById (/Users/olashina/Documents/workspace/NIPTREX-backend/src/services/about.service.ts:53:28)
    at /Users/olashina/Documents/workspace/NIPTREX-backend/src/services/bid.service.ts:73:45
    at Array.forEach (<anonymous>)
    at BidService.getBidders (/Users/olashina/Documents/workspace/NIPTREX-backend/src/services/bid.service.ts:72:18)
    at processTicksAndRejections (node:internal/process/task_queues:96:5)
    at BidController.getBidders (/Users/olashina/Documents/workspace/NIPTREX-backend/src/controllers/bid.controller.ts:83:20)
2023-05-10 21:35:13 error: unhandledRejection: id can not be empty
Error: id can not be empty
    at AboutService.getAboutById (/Users/olashina/Documents/workspace/NIPTREX-backend/src/services/about.service.ts:53:28)
    at /Users/olashina/Documents/workspace/NIPTREX-backend/src/services/bid.service.ts:73:45
    at Array.forEach (<anonymous>)
    at BidService.getBidders (/Users/olashina/Documents/workspace/NIPTREX-backend/src/services/bid.service.ts:72:18)
    at processTicksAndRejections (node:internal/process/task_queues:96:5)
    at BidController.getBidders (/Users/olashina/Documents/workspace/NIPTREX-backend/src/controllers/bid.controller.ts:83:20)
2023-05-10 21:36:16 error: unhandledRejection: id can not be empty
Error: id can not be empty
    at AboutService.getAboutById (/Users/olashina/Documents/workspace/NIPTREX-backend/src/services/about.service.ts:53:28)
    at /Users/olashina/Documents/workspace/NIPTREX-backend/src/services/bid.service.ts:73:45
    at Array.forEach (<anonymous>)
    at BidService.getBidders (/Users/olashina/Documents/workspace/NIPTREX-backend/src/services/bid.service.ts:72:18)
    at processTicksAndRejections (node:internal/process/task_queues:96:5)
    at BidController.getBidders (/Users/olashina/Documents/workspace/NIPTREX-backend/src/controllers/bid.controller.ts:83:20)
2023-05-10 21:36:16 error: unhandledRejection: id can not be empty
Error: id can not be empty
    at AboutService.getAboutById (/Users/olashina/Documents/workspace/NIPTREX-backend/src/services/about.service.ts:53:28)
    at /Users/olashina/Documents/workspace/NIPTREX-backend/src/services/bid.service.ts:73:45
    at Array.forEach (<anonymous>)
    at BidService.getBidders (/Users/olashina/Documents/workspace/NIPTREX-backend/src/services/bid.service.ts:72:18)
    at processTicksAndRejections (node:internal/process/task_queues:96:5)
    at BidController.getBidders (/Users/olashina/Documents/workspace/NIPTREX-backend/src/controllers/bid.controller.ts:83:20)
2023-05-10 22:25:55 error: unhandledRejection: id can not be empty
Error: id can not be empty
    at AboutService.updateAboutById (/Users/olashina/Documents/workspace/NIPTREX-backend/src/services/about.service.ts:68:28)
    at /Users/olashina/Documents/workspace/NIPTREX-backend/src/controllers/job.controller.ts:347:35
    at Array.forEach (<anonymous>)
    at JobController.hireFreelancer (/Users/olashina/Documents/workspace/NIPTREX-backend/src/controllers/job.controller.ts:346:17)
    at processTicksAndRejections (node:internal/process/task_queues:96:5)
2023-05-10 22:25:55 error: unhandledRejection: id can not be empty
Error: id can not be empty
    at AboutService.updateAboutById (/Users/olashina/Documents/workspace/NIPTREX-backend/src/services/about.service.ts:68:28)
    at /Users/olashina/Documents/workspace/NIPTREX-backend/src/controllers/job.controller.ts:347:35
    at Array.forEach (<anonymous>)
    at JobController.hireFreelancer (/Users/olashina/Documents/workspace/NIPTREX-backend/src/controllers/job.controller.ts:346:17)
    at processTicksAndRejections (node:internal/process/task_queues:96:5)
2023-05-10 22:26:53 error: unhandledRejection: id can not be empty
Error: id can not be empty
    at AboutService.updateAboutById (/Users/olashina/Documents/workspace/NIPTREX-backend/src/services/about.service.ts:68:28)
    at /Users/olashina/Documents/workspace/NIPTREX-backend/src/controllers/job.controller.ts:347:35
    at Array.forEach (<anonymous>)
    at JobController.hireFreelancer (/Users/olashina/Documents/workspace/NIPTREX-backend/src/controllers/job.controller.ts:346:17)
    at processTicksAndRejections (node:internal/process/task_queues:96:5)
2023-05-10 22:26:53 error: unhandledRejection: id can not be empty
Error: id can not be empty
    at AboutService.updateAboutById (/Users/olashina/Documents/workspace/NIPTREX-backend/src/services/about.service.ts:68:28)
    at /Users/olashina/Documents/workspace/NIPTREX-backend/src/controllers/job.controller.ts:347:35
    at Array.forEach (<anonymous>)
    at JobController.hireFreelancer (/Users/olashina/Documents/workspace/NIPTREX-backend/src/controllers/job.controller.ts:346:17)
    at processTicksAndRejections (node:internal/process/task_queues:96:5)
2023-05-10 22:28:04 error: unhandledRejection: id can not be empty
Error: id can not be empty
    at AboutService.updateAboutById (/Users/olashina/Documents/workspace/NIPTREX-backend/src/services/about.service.ts:68:28)
    at /Users/olashina/Documents/workspace/NIPTREX-backend/src/controllers/job.controller.ts:349:35
    at Array.forEach (<anonymous>)
    at JobController.hireFreelancer (/Users/olashina/Documents/workspace/NIPTREX-backend/src/controllers/job.controller.ts:348:17)
    at processTicksAndRejections (node:internal/process/task_queues:96:5)
2023-05-10 22:28:04 error: unhandledRejection: id can not be empty
Error: id can not be empty
    at AboutService.updateAboutById (/Users/olashina/Documents/workspace/NIPTREX-backend/src/services/about.service.ts:68:28)
    at /Users/olashina/Documents/workspace/NIPTREX-backend/src/controllers/job.controller.ts:349:35
    at Array.forEach (<anonymous>)
    at JobController.hireFreelancer (/Users/olashina/Documents/workspace/NIPTREX-backend/src/controllers/job.controller.ts:348:17)
    at processTicksAndRejections (node:internal/process/task_queues:96:5)
2023-05-10 22:29:26 error: unhandledRejection: id can not be empty
Error: id can not be empty
    at AboutService.updateAboutById (/Users/olashina/Documents/workspace/NIPTREX-backend/src/services/about.service.ts:68:28)
    at /Users/olashina/Documents/workspace/NIPTREX-backend/src/controllers/job.controller.ts:349:35
    at Array.forEach (<anonymous>)
    at JobController.hireFreelancer (/Users/olashina/Documents/workspace/NIPTREX-backend/src/controllers/job.controller.ts:348:17)
    at processTicksAndRejections (node:internal/process/task_queues:96:5)
2023-05-10 22:29:26 error: unhandledRejection: id can not be empty
Error: id can not be empty
    at AboutService.updateAboutById (/Users/olashina/Documents/workspace/NIPTREX-backend/src/services/about.service.ts:68:28)
    at /Users/olashina/Documents/workspace/NIPTREX-backend/src/controllers/job.controller.ts:349:35
    at Array.forEach (<anonymous>)
    at JobController.hireFreelancer (/Users/olashina/Documents/workspace/NIPTREX-backend/src/controllers/job.controller.ts:348:17)
    at processTicksAndRejections (node:internal/process/task_queues:96:5)
2023-05-10 22:30:16 error: unhandledRejection: id can not be empty
Error: id can not be empty
    at AboutService.updateAboutById (/Users/olashina/Documents/workspace/NIPTREX-backend/src/services/about.service.ts:68:28)
    at /Users/olashina/Documents/workspace/NIPTREX-backend/src/controllers/job.controller.ts:348:33
    at Array.forEach (<anonymous>)
    at JobController.hireFreelancer (/Users/olashina/Documents/workspace/NIPTREX-backend/src/controllers/job.controller.ts:347:15)
    at processTicksAndRejections (node:internal/process/task_queues:96:5)
2023-05-10 22:30:16 error: unhandledRejection: id can not be empty
Error: id can not be empty
    at AboutService.updateAboutById (/Users/olashina/Documents/workspace/NIPTREX-backend/src/services/about.service.ts:68:28)
    at /Users/olashina/Documents/workspace/NIPTREX-backend/src/controllers/job.controller.ts:348:33
    at Array.forEach (<anonymous>)
    at JobController.hireFreelancer (/Users/olashina/Documents/workspace/NIPTREX-backend/src/controllers/job.controller.ts:347:15)
    at processTicksAndRejections (node:internal/process/task_queues:96:5)
2023-05-10 22:32:33 error: unhandledRejection: id can not be empty
Error: id can not be empty
    at AboutService.updateAboutById (/Users/olashina/Documents/workspace/NIPTREX-backend/src/services/about.service.ts:68:28)
    at /Users/olashina/Documents/workspace/NIPTREX-backend/src/controllers/job.controller.ts:348:33
    at Array.forEach (<anonymous>)
    at JobController.hireFreelancer (/Users/olashina/Documents/workspace/NIPTREX-backend/src/controllers/job.controller.ts:347:15)
    at processTicksAndRejections (node:internal/process/task_queues:96:5)
2023-05-10 22:32:33 error: unhandledRejection: id can not be empty
Error: id can not be empty
    at AboutService.updateAboutById (/Users/olashina/Documents/workspace/NIPTREX-backend/src/services/about.service.ts:68:28)
    at /Users/olashina/Documents/workspace/NIPTREX-backend/src/controllers/job.controller.ts:348:33
    at Array.forEach (<anonymous>)
    at JobController.hireFreelancer (/Users/olashina/Documents/workspace/NIPTREX-backend/src/controllers/job.controller.ts:347:15)
    at processTicksAndRejections (node:internal/process/task_queues:96:5)
2023-05-10 22:33:24 error: unhandledRejection: Cannot read properties of undefined (reading 'toString')
TypeError: Cannot read properties of undefined (reading 'toString')
    at /Users/olashina/Documents/workspace/NIPTREX-backend/src/controllers/job.controller.ts:348:64
    at Array.forEach (<anonymous>)
    at JobController.hireFreelancer (/Users/olashina/Documents/workspace/NIPTREX-backend/src/controllers/job.controller.ts:347:15)
    at processTicksAndRejections (node:internal/process/task_queues:96:5)
2023-05-10 22:33:24 error: unhandledRejection: Cannot read properties of undefined (reading 'toString')
TypeError: Cannot read properties of undefined (reading 'toString')
    at /Users/olashina/Documents/workspace/NIPTREX-backend/src/controllers/job.controller.ts:348:64
    at Array.forEach (<anonymous>)
    at JobController.hireFreelancer (/Users/olashina/Documents/workspace/NIPTREX-backend/src/controllers/job.controller.ts:347:15)
    at processTicksAndRejections (node:internal/process/task_queues:96:5)
2023-05-10 22:34:28 error: unhandledRejection: PROFILE_VALIDATION_ERROR
Error: PROFILE_VALIDATION_ERROR
    at AboutService.updateAboutById (/Users/olashina/Documents/workspace/NIPTREX-backend/src/services/about.service.ts:71:22)
    at /Users/olashina/Documents/workspace/NIPTREX-backend/src/controllers/job.controller.ts:348:33
    at Array.forEach (<anonymous>)
    at JobController.hireFreelancer (/Users/olashina/Documents/workspace/NIPTREX-backend/src/controllers/job.controller.ts:347:15)
    at processTicksAndRejections (node:internal/process/task_queues:96:5)
2023-05-10 22:34:28 error: unhandledRejection: PROFILE_VALIDATION_ERROR
Error: PROFILE_VALIDATION_ERROR
    at AboutService.updateAboutById (/Users/olashina/Documents/workspace/NIPTREX-backend/src/services/about.service.ts:71:22)
    at /Users/olashina/Documents/workspace/NIPTREX-backend/src/controllers/job.controller.ts:348:33
    at Array.forEach (<anonymous>)
    at JobController.hireFreelancer (/Users/olashina/Documents/workspace/NIPTREX-backend/src/controllers/job.controller.ts:347:15)
    at processTicksAndRejections (node:internal/process/task_queues:96:5)
2023-05-10 22:36:45 error: unhandledRejection: PROFILE_VALIDATION_ERROR
Error: PROFILE_VALIDATION_ERROR
    at AboutService.updateAboutById (/Users/olashina/Documents/workspace/NIPTREX-backend/src/services/about.service.ts:71:22)
    at /Users/olashina/Documents/workspace/NIPTREX-backend/src/controllers/job.controller.ts:348:33
    at Array.forEach (<anonymous>)
    at JobController.hireFreelancer (/Users/olashina/Documents/workspace/NIPTREX-backend/src/controllers/job.controller.ts:347:15)
    at processTicksAndRejections (node:internal/process/task_queues:96:5)
2023-05-10 22:36:45 error: unhandledRejection: PROFILE_VALIDATION_ERROR
Error: PROFILE_VALIDATION_ERROR
    at AboutService.updateAboutById (/Users/olashina/Documents/workspace/NIPTREX-backend/src/services/about.service.ts:71:22)
    at /Users/olashina/Documents/workspace/NIPTREX-backend/src/controllers/job.controller.ts:348:33
    at Array.forEach (<anonymous>)
    at JobController.hireFreelancer (/Users/olashina/Documents/workspace/NIPTREX-backend/src/controllers/job.controller.ts:347:15)
    at processTicksAndRejections (node:internal/process/task_queues:96:5)
