2023-01-05 10:28:07 error: uncaughtException: IsOptional is not defined
ReferenceError: IsOptional is not defined
    at Object.<anonymous> (C:\Users\Yinka\Desktop\Codebase\Interpocket\Backend Resource\server\src\dtos\users.dto.ts:10:3)
    at Module._compile (internal/modules/cjs/loader.js:1085:14)
    at Module._compile (C:\Users\Yinka\Desktop\Codebase\Interpocket\Backend Resource\server\node_modules\source-map-support\source-map-support.js:568:25)
    at Module.m._compile (C:\Users\Yinka\AppData\Local\Temp\ts-node-dev-hook-8617348429168197.js:69:33)
    at Module._extensions..js (internal/modules/cjs/loader.js:1114:10)
    at require.extensions..jsx.require.extensions..js (C:\Users\Yinka\AppData\Local\Temp\ts-node-dev-hook-8617348429168197.js:114:20)
    at require.extensions.<computed> (C:\Users\Yinka\AppData\Local\Temp\ts-node-dev-hook-8617348429168197.js:71:20)
    at Object.nodeDevHook [as .ts] (C:\Users\Yinka\Desktop\Codebase\Interpocket\Backend Resource\server\node_modules\ts-node-dev\lib\hook.js:63:13)
    at Module.load (internal/modules/cjs/loader.js:950:32)
    at Function.Module._load (internal/modules/cjs/loader.js:790:14)
2023-01-05 10:28:17 error: uncaughtException: IsOptional is not defined
ReferenceError: IsOptional is not defined
    at Object.<anonymous> (C:\Users\Yinka\Desktop\Codebase\Interpocket\Backend Resource\server\src\dtos\users.dto.ts:10:3)
    at Module._compile (internal/modules/cjs/loader.js:1085:14)
    at Module._compile (C:\Users\Yinka\Desktop\Codebase\Interpocket\Backend Resource\server\node_modules\source-map-support\source-map-support.js:568:25)
    at Module.m._compile (C:\Users\Yinka\AppData\Local\Temp\ts-node-dev-hook-8617348429168197.js:69:33)
    at Module._extensions..js (internal/modules/cjs/loader.js:1114:10)
    at require.extensions..jsx.require.extensions..js (C:\Users\Yinka\AppData\Local\Temp\ts-node-dev-hook-8617348429168197.js:114:20)
    at require.extensions.<computed> (C:\Users\Yinka\AppData\Local\Temp\ts-node-dev-hook-8617348429168197.js:71:20)
    at Object.nodeDevHook [as .ts] (C:\Users\Yinka\Desktop\Codebase\Interpocket\Backend Resource\server\node_modules\ts-node-dev\lib\hook.js:63:13)
    at Module.load (internal/modules/cjs/loader.js:950:32)
    at Function.Module._load (internal/modules/cjs/loader.js:790:14)
2023-01-05 10:28:24 error: uncaughtException: Matches is not defined
ReferenceError: Matches is not defined
    at Object.<anonymous> (C:\Users\Yinka\Desktop\Codebase\Interpocket\Backend Resource\server\src\dtos\users.dto.ts:11:12)
    at Module._compile (internal/modules/cjs/loader.js:1085:14)
    at Module._compile (C:\Users\Yinka\Desktop\Codebase\Interpocket\Backend Resource\server\node_modules\source-map-support\source-map-support.js:568:25)
    at Module.m._compile (C:\Users\Yinka\AppData\Local\Temp\ts-node-dev-hook-8617348429168197.js:69:33)
    at Module._extensions..js (internal/modules/cjs/loader.js:1114:10)
    at require.extensions..jsx.require.extensions..js (C:\Users\Yinka\AppData\Local\Temp\ts-node-dev-hook-8617348429168197.js:114:20)
    at require.extensions.<computed> (C:\Users\Yinka\AppData\Local\Temp\ts-node-dev-hook-8617348429168197.js:71:20)
    at Object.nodeDevHook [as .ts] (C:\Users\Yinka\Desktop\Codebase\Interpocket\Backend Resource\server\node_modules\ts-node-dev\lib\hook.js:63:13)
    at Module.load (internal/modules/cjs/loader.js:950:32)
    at Function.Module._load (internal/modules/cjs/loader.js:790:14)
2023-01-05 10:28:30 error: uncaughtException: MinLength is not defined
ReferenceError: MinLength is not defined
    at Object.<anonymous> (C:\Users\Yinka\Desktop\Codebase\Interpocket\Backend Resource\server\src\dtos\users.dto.ts:12:11)
    at Module._compile (internal/modules/cjs/loader.js:1085:14)
    at Module._compile (C:\Users\Yinka\Desktop\Codebase\Interpocket\Backend Resource\server\node_modules\source-map-support\source-map-support.js:568:25)
    at Module.m._compile (C:\Users\Yinka\AppData\Local\Temp\ts-node-dev-hook-8617348429168197.js:69:33)
    at Module._extensions..js (internal/modules/cjs/loader.js:1114:10)
    at require.extensions..jsx.require.extensions..js (C:\Users\Yinka\AppData\Local\Temp\ts-node-dev-hook-8617348429168197.js:114:20)
    at require.extensions.<computed> (C:\Users\Yinka\AppData\Local\Temp\ts-node-dev-hook-8617348429168197.js:71:20)
    at Object.nodeDevHook [as .ts] (C:\Users\Yinka\Desktop\Codebase\Interpocket\Backend Resource\server\node_modules\ts-node-dev\lib\hook.js:63:13)
    at Module.load (internal/modules/cjs/loader.js:950:32)
    at Function.Module._load (internal/modules/cjs/loader.js:790:14)
2023-01-05 10:28:38 error: uncaughtException: MinLength is not defined
ReferenceError: MinLength is not defined
    at Object.<anonymous> (C:\Users\Yinka\Desktop\Codebase\Interpocket\Backend Resource\server\src\dtos\users.dto.ts:12:11)
    at Module._compile (internal/modules/cjs/loader.js:1085:14)
    at Module._compile (C:\Users\Yinka\Desktop\Codebase\Interpocket\Backend Resource\server\node_modules\source-map-support\source-map-support.js:568:25)
    at Module.m._compile (C:\Users\Yinka\AppData\Local\Temp\ts-node-dev-hook-8617348429168197.js:69:33)
    at Module._extensions..js (internal/modules/cjs/loader.js:1114:10)
    at require.extensions..jsx.require.extensions..js (C:\Users\Yinka\AppData\Local\Temp\ts-node-dev-hook-8617348429168197.js:114:20)
    at require.extensions.<computed> (C:\Users\Yinka\AppData\Local\Temp\ts-node-dev-hook-8617348429168197.js:71:20)
    at Object.nodeDevHook [as .ts] (C:\Users\Yinka\Desktop\Codebase\Interpocket\Backend Resource\server\node_modules\ts-node-dev\lib\hook.js:63:13)
    at Module.load (internal/modules/cjs/loader.js:950:32)
    at Function.Module._load (internal/modules/cjs/loader.js:790:14)
2023-01-05 10:28:44 error: uncaughtException: ToCase is not defined
ReferenceError: ToCase is not defined
    at Object.<anonymous> (C:\Users\Yinka\Desktop\Codebase\Interpocket\Backend Resource\server\src\dtos\users.dto.ts:14:13)
    at Module._compile (internal/modules/cjs/loader.js:1085:14)
    at Module._compile (C:\Users\Yinka\Desktop\Codebase\Interpocket\Backend Resource\server\node_modules\source-map-support\source-map-support.js:568:25)
    at Module.m._compile (C:\Users\Yinka\AppData\Local\Temp\ts-node-dev-hook-8617348429168197.js:69:33)
    at Module._extensions..js (internal/modules/cjs/loader.js:1114:10)
    at require.extensions..jsx.require.extensions..js (C:\Users\Yinka\AppData\Local\Temp\ts-node-dev-hook-8617348429168197.js:114:20)
    at require.extensions.<computed> (C:\Users\Yinka\AppData\Local\Temp\ts-node-dev-hook-8617348429168197.js:71:20)
    at Object.nodeDevHook [as .ts] (C:\Users\Yinka\Desktop\Codebase\Interpocket\Backend Resource\server\node_modules\ts-node-dev\lib\hook.js:63:13)
    at Module.load (internal/modules/cjs/loader.js:950:32)
    at Function.Module._load (internal/modules/cjs/loader.js:790:14)
2023-01-05 10:30:14 error: uncaughtException: ToCase is not defined
ReferenceError: ToCase is not defined
    at Object.<anonymous> (C:\Users\Yinka\Desktop\Codebase\Interpocket\Backend Resource\server\src\dtos\users.dto.ts:15:13)
    at Module._compile (internal/modules/cjs/loader.js:1085:14)
    at Module._compile (C:\Users\Yinka\Desktop\Codebase\Interpocket\Backend Resource\server\node_modules\source-map-support\source-map-support.js:568:25)
    at Module.m._compile (C:\Users\Yinka\AppData\Local\Temp\ts-node-dev-hook-8617348429168197.js:69:33)
    at Module._extensions..js (internal/modules/cjs/loader.js:1114:10)
    at require.extensions..jsx.require.extensions..js (C:\Users\Yinka\AppData\Local\Temp\ts-node-dev-hook-8617348429168197.js:114:20)
    at require.extensions.<computed> (C:\Users\Yinka\AppData\Local\Temp\ts-node-dev-hook-8617348429168197.js:71:20)
    at Object.nodeDevHook [as .ts] (C:\Users\Yinka\Desktop\Codebase\Interpocket\Backend Resource\server\node_modules\ts-node-dev\lib\hook.js:63:13)
    at Module.load (internal/modules/cjs/loader.js:950:32)
    at Function.Module._load (internal/modules/cjs/loader.js:790:14)
2023-01-05 10:31:41 error: uncaughtException: (0 , class_transformer_1.ToCase) is not a function
TypeError: (0 , class_transformer_1.ToCase) is not a function
    at Object.<anonymous> (C:\Users\Yinka\Desktop\Codebase\Interpocket\Backend Resource\server\src\dtos\users.dto.ts:16:10)
    at Module._compile (internal/modules/cjs/loader.js:1085:14)
    at Module._compile (C:\Users\Yinka\Desktop\Codebase\Interpocket\Backend Resource\server\node_modules\source-map-support\source-map-support.js:568:25)
    at Module.m._compile (C:\Users\Yinka\AppData\Local\Temp\ts-node-dev-hook-8617348429168197.js:69:33)
    at Module._extensions..js (internal/modules/cjs/loader.js:1114:10)
    at require.extensions..jsx.require.extensions..js (C:\Users\Yinka\AppData\Local\Temp\ts-node-dev-hook-8617348429168197.js:114:20)
    at require.extensions.<computed> (C:\Users\Yinka\AppData\Local\Temp\ts-node-dev-hook-8617348429168197.js:71:20)
    at Object.nodeDevHook [as .ts] (C:\Users\Yinka\Desktop\Codebase\Interpocket\Backend Resource\server\node_modules\ts-node-dev\lib\hook.js:63:13)
    at Module.load (internal/modules/cjs/loader.js:950:32)
    at Function.Module._load (internal/modules/cjs/loader.js:790:14)
2023-01-05 10:31:50 error: uncaughtException: (0 , class_transformer_1.ToCase) is not a function
TypeError: (0 , class_transformer_1.ToCase) is not a function
    at Object.<anonymous> (C:\Users\Yinka\Desktop\Codebase\Interpocket\Backend Resource\server\src\dtos\users.dto.ts:17:10)
    at Module._compile (internal/modules/cjs/loader.js:1085:14)
    at Module._compile (C:\Users\Yinka\Desktop\Codebase\Interpocket\Backend Resource\server\node_modules\source-map-support\source-map-support.js:568:25)
    at Module.m._compile (C:\Users\Yinka\AppData\Local\Temp\ts-node-dev-hook-8617348429168197.js:69:33)
    at Module._extensions..js (internal/modules/cjs/loader.js:1114:10)
    at require.extensions..jsx.require.extensions..js (C:\Users\Yinka\AppData\Local\Temp\ts-node-dev-hook-8617348429168197.js:114:20)
    at require.extensions.<computed> (C:\Users\Yinka\AppData\Local\Temp\ts-node-dev-hook-8617348429168197.js:71:20)
    at Object.nodeDevHook [as .ts] (C:\Users\Yinka\Desktop\Codebase\Interpocket\Backend Resource\server\node_modules\ts-node-dev\lib\hook.js:63:13)
    at Module.load (internal/modules/cjs/loader.js:950:32)
    at Function.Module._load (internal/modules/cjs/loader.js:790:14)
2023-01-05 10:35:59 error: uncaughtException: Exclude is not defined
ReferenceError: Exclude is not defined
    at Object.<anonymous> (C:\Users\Yinka\Desktop\Codebase\Interpocket\Backend Resource\server\src\dtos\users.dto.ts:9:12)
    at Module._compile (internal/modules/cjs/loader.js:1085:14)
    at Module._compile (C:\Users\Yinka\Desktop\Codebase\Interpocket\Backend Resource\server\node_modules\source-map-support\source-map-support.js:568:25)
    at Module.m._compile (C:\Users\Yinka\AppData\Local\Temp\ts-node-dev-hook-8617348429168197.js:69:33)
    at Module._extensions..js (internal/modules/cjs/loader.js:1114:10)
    at require.extensions..jsx.require.extensions..js (C:\Users\Yinka\AppData\Local\Temp\ts-node-dev-hook-8617348429168197.js:114:20)
    at require.extensions.<computed> (C:\Users\Yinka\AppData\Local\Temp\ts-node-dev-hook-8617348429168197.js:71:20)
    at Object.nodeDevHook [as .ts] (C:\Users\Yinka\Desktop\Codebase\Interpocket\Backend Resource\server\node_modules\ts-node-dev\lib\hook.js:63:13)
    at Module.load (internal/modules/cjs/loader.js:950:32)
    at Function.Module._load (internal/modules/cjs/loader.js:790:14)
2023-01-05 10:36:05 error: uncaughtException: Exclude is not defined
ReferenceError: Exclude is not defined
    at Object.<anonymous> (C:\Users\Yinka\Desktop\Codebase\Interpocket\Backend Resource\server\src\dtos\users.dto.ts:9:12)
    at Module._compile (internal/modules/cjs/loader.js:1085:14)
    at Module._compile (C:\Users\Yinka\Desktop\Codebase\Interpocket\Backend Resource\server\node_modules\source-map-support\source-map-support.js:568:25)
    at Module.m._compile (C:\Users\Yinka\AppData\Local\Temp\ts-node-dev-hook-8617348429168197.js:69:33)
    at Module._extensions..js (internal/modules/cjs/loader.js:1114:10)
    at require.extensions..jsx.require.extensions..js (C:\Users\Yinka\AppData\Local\Temp\ts-node-dev-hook-8617348429168197.js:114:20)
    at require.extensions.<computed> (C:\Users\Yinka\AppData\Local\Temp\ts-node-dev-hook-8617348429168197.js:71:20)
    at Object.nodeDevHook [as .ts] (C:\Users\Yinka\Desktop\Codebase\Interpocket\Backend Resource\server\node_modules\ts-node-dev\lib\hook.js:63:13)
    at Module.load (internal/modules/cjs/loader.js:950:32)
    at Function.Module._load (internal/modules/cjs/loader.js:790:14)
2023-01-05 10:36:11 error: uncaughtException: Exclude is not defined
ReferenceError: Exclude is not defined
    at Object.<anonymous> (C:\Users\Yinka\Desktop\Codebase\Interpocket\Backend Resource\server\src\dtos\users.dto.ts:9:12)
    at Module._compile (internal/modules/cjs/loader.js:1085:14)
    at Module._compile (C:\Users\Yinka\Desktop\Codebase\Interpocket\Backend Resource\server\node_modules\source-map-support\source-map-support.js:568:25)
    at Module.m._compile (C:\Users\Yinka\AppData\Local\Temp\ts-node-dev-hook-8617348429168197.js:69:33)
    at Module._extensions..js (internal/modules/cjs/loader.js:1114:10)
    at require.extensions..jsx.require.extensions..js (C:\Users\Yinka\AppData\Local\Temp\ts-node-dev-hook-8617348429168197.js:114:20)
    at require.extensions.<computed> (C:\Users\Yinka\AppData\Local\Temp\ts-node-dev-hook-8617348429168197.js:71:20)
    at Object.nodeDevHook [as .ts] (C:\Users\Yinka\Desktop\Codebase\Interpocket\Backend Resource\server\node_modules\ts-node-dev\lib\hook.js:63:13)
    at Module.load (internal/modules/cjs/loader.js:950:32)
    at Function.Module._load (internal/modules/cjs/loader.js:790:14)
2023-01-05 10:36:24 error: uncaughtException: (0 , class_transformer_1.ToCase) is not a function
TypeError: (0 , class_transformer_1.ToCase) is not a function
    at Object.<anonymous> (C:\Users\Yinka\Desktop\Codebase\Interpocket\Backend Resource\server\src\dtos\users.dto.ts:18:10)
    at Module._compile (internal/modules/cjs/loader.js:1085:14)
    at Module._compile (C:\Users\Yinka\Desktop\Codebase\Interpocket\Backend Resource\server\node_modules\source-map-support\source-map-support.js:568:25)
    at Module.m._compile (C:\Users\Yinka\AppData\Local\Temp\ts-node-dev-hook-8617348429168197.js:69:33)
    at Module._extensions..js (internal/modules/cjs/loader.js:1114:10)
    at require.extensions..jsx.require.extensions..js (C:\Users\Yinka\AppData\Local\Temp\ts-node-dev-hook-8617348429168197.js:114:20)
    at require.extensions.<computed> (C:\Users\Yinka\AppData\Local\Temp\ts-node-dev-hook-8617348429168197.js:71:20)
    at Object.nodeDevHook [as .ts] (C:\Users\Yinka\Desktop\Codebase\Interpocket\Backend Resource\server\node_modules\ts-node-dev\lib\hook.js:63:13)
    at Module.load (internal/modules/cjs/loader.js:950:32)
    at Function.Module._load (internal/modules/cjs/loader.js:790:14)
2023-01-05 10:37:46 error: uncaughtException: ToCase is not defined
ReferenceError: ToCase is not defined
    at Object.<anonymous> (C:\Users\Yinka\Desktop\Codebase\Interpocket\Backend Resource\server\src\dtos\users.dto.ts:15:13)
    at Module._compile (internal/modules/cjs/loader.js:1085:14)
    at Module._compile (C:\Users\Yinka\Desktop\Codebase\Interpocket\Backend Resource\server\node_modules\source-map-support\source-map-support.js:568:25)
    at Module.m._compile (C:\Users\Yinka\AppData\Local\Temp\ts-node-dev-hook-8617348429168197.js:69:33)
    at Module._extensions..js (internal/modules/cjs/loader.js:1114:10)
    at require.extensions..jsx.require.extensions..js (C:\Users\Yinka\AppData\Local\Temp\ts-node-dev-hook-8617348429168197.js:114:20)
    at require.extensions.<computed> (C:\Users\Yinka\AppData\Local\Temp\ts-node-dev-hook-8617348429168197.js:71:20)
    at Object.nodeDevHook [as .ts] (C:\Users\Yinka\Desktop\Codebase\Interpocket\Backend Resource\server\node_modules\ts-node-dev\lib\hook.js:63:13)
    at Module.load (internal/modules/cjs/loader.js:950:32)
    at Function.Module._load (internal/modules/cjs/loader.js:790:14)
2023-03-16 12:21:30 error: uncaughtException: Cannot set properties of undefined (setting 'mailer')
TypeError: Cannot set properties of undefined (setting 'mailer')
    at new Mail (/Users/olashina/Documents/workspace/express-typescript-starter/node_modules/nodemailer/lib/mailer/index.js:45:33)
    at Object.module.exports.createTransport (/Users/olashina/Documents/workspace/express-typescript-starter/node_modules/nodemailer/lib/nodemailer.js:53:14)
    at Object.<anonymous> (/Users/olashina/Documents/workspace/express-typescript-starter/src/modules/email/email.service.ts:6:37)
    at Module._compile (node:internal/modules/cjs/loader:1155:14)
    at Module._compile (/Users/olashina/Documents/workspace/express-typescript-starter/node_modules/source-map-support/source-map-support.js:568:25)
    at Module.m._compile (/private/var/folders/7y/g7wt7_g17x58s0b1kmllks7m0000gn/T/ts-node-dev-hook-5697377976465583.js:69:33)
    at Module._extensions..js (node:internal/modules/cjs/loader:1209:10)
    at require.extensions..jsx.require.extensions..js (/private/var/folders/7y/g7wt7_g17x58s0b1kmllks7m0000gn/T/ts-node-dev-hook-5697377976465583.js:114:20)
    at require.extensions.<computed> (/private/var/folders/7y/g7wt7_g17x58s0b1kmllks7m0000gn/T/ts-node-dev-hook-5697377976465583.js:71:20)
    at Object.nodeDevHook [as .ts] (/Users/olashina/Documents/workspace/express-typescript-starter/node_modules/ts-node-dev/lib/hook.js:63:13)
2023-03-16 12:23:09 error: uncaughtException: Cannot set properties of undefined (setting 'mailer')
TypeError: Cannot set properties of undefined (setting 'mailer')
    at new Mail (/Users/olashina/Documents/workspace/express-typescript-starter/node_modules/nodemailer/lib/mailer/index.js:45:33)
    at Object.module.exports.createTransport (/Users/olashina/Documents/workspace/express-typescript-starter/node_modules/nodemailer/lib/nodemailer.js:53:14)
    at Object.<anonymous> (/Users/olashina/Documents/workspace/express-typescript-starter/src/modules/email/email.service.ts:6:37)
    at Module._compile (node:internal/modules/cjs/loader:1155:14)
    at Module._compile (/Users/olashina/Documents/workspace/express-typescript-starter/node_modules/source-map-support/source-map-support.js:568:25)
    at Module.m._compile (/private/var/folders/7y/g7wt7_g17x58s0b1kmllks7m0000gn/T/ts-node-dev-hook-574993392640109.js:69:33)
    at Module._extensions..js (node:internal/modules/cjs/loader:1209:10)
    at require.extensions..jsx.require.extensions..js (/private/var/folders/7y/g7wt7_g17x58s0b1kmllks7m0000gn/T/ts-node-dev-hook-574993392640109.js:114:20)
    at require.extensions.<computed> (/private/var/folders/7y/g7wt7_g17x58s0b1kmllks7m0000gn/T/ts-node-dev-hook-574993392640109.js:71:20)
    at Object.nodeDevHook [as .ts] (/Users/olashina/Documents/workspace/express-typescript-starter/node_modules/ts-node-dev/lib/hook.js:63:13)
2023-03-16 12:24:27 error: uncaughtException: Cannot set properties of undefined (setting 'mailer')
TypeError: Cannot set properties of undefined (setting 'mailer')
    at new Mail (/Users/olashina/Documents/workspace/express-typescript-starter/node_modules/nodemailer/lib/mailer/index.js:45:33)
    at Object.module.exports.createTransport (/Users/olashina/Documents/workspace/express-typescript-starter/node_modules/nodemailer/lib/nodemailer.js:53:14)
    at Object.<anonymous> (/Users/olashina/Documents/workspace/express-typescript-starter/src/modules/email/email.service.ts:6:37)
    at Module._compile (node:internal/modules/cjs/loader:1155:14)
    at Module._compile (/Users/olashina/Documents/workspace/express-typescript-starter/node_modules/source-map-support/source-map-support.js:568:25)
    at Module.m._compile (/private/var/folders/7y/g7wt7_g17x58s0b1kmllks7m0000gn/T/ts-node-dev-hook-33227428046615537.js:69:33)
    at Module._extensions..js (node:internal/modules/cjs/loader:1209:10)
    at require.extensions..jsx.require.extensions..js (/private/var/folders/7y/g7wt7_g17x58s0b1kmllks7m0000gn/T/ts-node-dev-hook-33227428046615537.js:114:20)
    at require.extensions.<computed> (/private/var/folders/7y/g7wt7_g17x58s0b1kmllks7m0000gn/T/ts-node-dev-hook-33227428046615537.js:71:20)
    at Object.nodeDevHook [as .ts] (/Users/olashina/Documents/workspace/express-typescript-starter/node_modules/ts-node-dev/lib/hook.js:63:13)
2023-03-16 12:24:47 error: uncaughtException: Cannot set properties of undefined (setting 'mailer')
TypeError: Cannot set properties of undefined (setting 'mailer')
    at new Mail (/Users/olashina/Documents/workspace/express-typescript-starter/node_modules/nodemailer/lib/mailer/index.js:45:33)
    at Object.module.exports.createTransport (/Users/olashina/Documents/workspace/express-typescript-starter/node_modules/nodemailer/lib/nodemailer.js:53:14)
    at Object.<anonymous> (/Users/olashina/Documents/workspace/express-typescript-starter/src/modules/email/email.service.ts:6:37)
    at Module._compile (node:internal/modules/cjs/loader:1155:14)
    at Module._compile (/Users/olashina/Documents/workspace/express-typescript-starter/node_modules/source-map-support/source-map-support.js:568:25)
    at Module.m._compile (/private/var/folders/7y/g7wt7_g17x58s0b1kmllks7m0000gn/T/ts-node-dev-hook-33227428046615537.js:69:33)
    at Module._extensions..js (node:internal/modules/cjs/loader:1209:10)
    at require.extensions..jsx.require.extensions..js (/private/var/folders/7y/g7wt7_g17x58s0b1kmllks7m0000gn/T/ts-node-dev-hook-33227428046615537.js:114:20)
    at require.extensions.<computed> (/private/var/folders/7y/g7wt7_g17x58s0b1kmllks7m0000gn/T/ts-node-dev-hook-33227428046615537.js:71:20)
    at Object.nodeDevHook [as .ts] (/Users/olashina/Documents/workspace/express-typescript-starter/node_modules/ts-node-dev/lib/hook.js:63:13)
2023-03-16 12:25:26 error: uncaughtException: Cannot set properties of undefined (setting 'mailer')
TypeError: Cannot set properties of undefined (setting 'mailer')
    at new Mail (/Users/olashina/Documents/workspace/express-typescript-starter/node_modules/nodemailer/lib/mailer/index.js:45:33)
    at Object.module.exports.createTransport (/Users/olashina/Documents/workspace/express-typescript-starter/node_modules/nodemailer/lib/nodemailer.js:53:14)
    at Object.<anonymous> (/Users/olashina/Documents/workspace/express-typescript-starter/src/modules/email/email.service.ts:6:37)
    at Module._compile (node:internal/modules/cjs/loader:1155:14)
    at Module._compile (/Users/olashina/Documents/workspace/express-typescript-starter/node_modules/source-map-support/source-map-support.js:568:25)
    at Module.m._compile (/private/var/folders/7y/g7wt7_g17x58s0b1kmllks7m0000gn/T/ts-node-dev-hook-33227428046615537.js:69:33)
    at Module._extensions..js (node:internal/modules/cjs/loader:1209:10)
    at require.extensions..jsx.require.extensions..js (/private/var/folders/7y/g7wt7_g17x58s0b1kmllks7m0000gn/T/ts-node-dev-hook-33227428046615537.js:114:20)
    at require.extensions.<computed> (/private/var/folders/7y/g7wt7_g17x58s0b1kmllks7m0000gn/T/ts-node-dev-hook-33227428046615537.js:71:20)
    at Object.nodeDevHook [as .ts] (/Users/olashina/Documents/workspace/express-typescript-starter/node_modules/ts-node-dev/lib/hook.js:63:13)
2023-03-16 12:26:08 error: uncaughtException: Cannot set properties of undefined (setting 'mailer')
TypeError: Cannot set properties of undefined (setting 'mailer')
    at new Mail (/Users/olashina/Documents/workspace/express-typescript-starter/node_modules/nodemailer/lib/mailer/index.js:45:33)
    at Object.module.exports.createTransport (/Users/olashina/Documents/workspace/express-typescript-starter/node_modules/nodemailer/lib/nodemailer.js:53:14)
    at Object.<anonymous> (/Users/olashina/Documents/workspace/express-typescript-starter/src/modules/email/email.service.ts:6:37)
    at Module._compile (node:internal/modules/cjs/loader:1155:14)
    at Module._compile (/Users/olashina/Documents/workspace/express-typescript-starter/node_modules/source-map-support/source-map-support.js:568:25)
    at Module.m._compile (/private/var/folders/7y/g7wt7_g17x58s0b1kmllks7m0000gn/T/ts-node-dev-hook-33227428046615537.js:69:33)
    at Module._extensions..js (node:internal/modules/cjs/loader:1209:10)
    at require.extensions..jsx.require.extensions..js (/private/var/folders/7y/g7wt7_g17x58s0b1kmllks7m0000gn/T/ts-node-dev-hook-33227428046615537.js:114:20)
    at require.extensions.<computed> (/private/var/folders/7y/g7wt7_g17x58s0b1kmllks7m0000gn/T/ts-node-dev-hook-33227428046615537.js:71:20)
    at Object.nodeDevHook [as .ts] (/Users/olashina/Documents/workspace/express-typescript-starter/node_modules/ts-node-dev/lib/hook.js:63:13)
2023-03-16 12:26:14 error: uncaughtException: Cannot set properties of undefined (setting 'mailer')
TypeError: Cannot set properties of undefined (setting 'mailer')
    at new Mail (/Users/olashina/Documents/workspace/express-typescript-starter/node_modules/nodemailer/lib/mailer/index.js:45:33)
    at Object.module.exports.createTransport (/Users/olashina/Documents/workspace/express-typescript-starter/node_modules/nodemailer/lib/nodemailer.js:53:14)
    at Object.<anonymous> (/Users/olashina/Documents/workspace/express-typescript-starter/src/modules/email/email.service.ts:6:37)
    at Module._compile (node:internal/modules/cjs/loader:1155:14)
    at Module._compile (/Users/olashina/Documents/workspace/express-typescript-starter/node_modules/source-map-support/source-map-support.js:568:25)
    at Module.m._compile (/private/var/folders/7y/g7wt7_g17x58s0b1kmllks7m0000gn/T/ts-node-dev-hook-33227428046615537.js:69:33)
    at Module._extensions..js (node:internal/modules/cjs/loader:1209:10)
    at require.extensions..jsx.require.extensions..js (/private/var/folders/7y/g7wt7_g17x58s0b1kmllks7m0000gn/T/ts-node-dev-hook-33227428046615537.js:114:20)
    at require.extensions.<computed> (/private/var/folders/7y/g7wt7_g17x58s0b1kmllks7m0000gn/T/ts-node-dev-hook-33227428046615537.js:71:20)
    at Object.nodeDevHook [as .ts] (/Users/olashina/Documents/workspace/express-typescript-starter/node_modules/ts-node-dev/lib/hook.js:63:13)
2023-03-16 12:38:53 error: uncaughtException: Channel closed
Error: Channel closed
    at new NodeError (node:internal/errors:387:5)
    at process.target.send (node:internal/child_process:749:16)
    at Object.exports.send (/Users/olashina/Documents/workspace/express-typescript-starter/node_modules/ts-node-dev/lib/ipc.js:17:14)
    at /Users/olashina/Documents/workspace/express-typescript-starter/node_modules/ts-node-dev/lib/wrap.js:88:9
    at Object.nodeDevHook [as .js] (/Users/olashina/Documents/workspace/express-typescript-starter/node_modules/ts-node-dev/lib/hook.js:61:17)
    at Module.load (node:internal/modules/cjs/loader:1033:32)
    at Function.Module._load (node:internal/modules/cjs/loader:868:12)
    at Module.require (node:internal/modules/cjs/loader:1057:19)
    at require (node:internal/modules/cjs/helpers:103:18)
    at Object.getCodec (/Users/olashina/Documents/workspace/express-typescript-starter/node_modules/iconv-lite/lib/index.js:65:27)
2023-03-16 12:38:53 error: uncaughtException: Channel closed
Error: Channel closed
    at new NodeError (node:internal/errors:387:5)
    at process.target.send (node:internal/child_process:749:16)
    at Object.exports.send (/Users/olashina/Documents/workspace/express-typescript-starter/node_modules/ts-node-dev/lib/ipc.js:17:14)
    at /Users/olashina/Documents/workspace/express-typescript-starter/node_modules/ts-node-dev/lib/wrap.js:88:9
    at Object.nodeDevHook [as .js] (/Users/olashina/Documents/workspace/express-typescript-starter/node_modules/ts-node-dev/lib/hook.js:61:17)
    at Module.load (node:internal/modules/cjs/loader:1033:32)
    at Function.Module._load (node:internal/modules/cjs/loader:868:12)
    at Module.require (node:internal/modules/cjs/loader:1057:19)
    at require (node:internal/modules/cjs/helpers:103:18)
    at Object.getCodec (/Users/olashina/Documents/workspace/express-typescript-starter/node_modules/iconv-lite/lib/index.js:65:27)
2023-03-16 18:17:45 error: unhandledRejection: email quadri201@gmail.com already exists
Error: email quadri201@gmail.com already exists
    at AuthService.signup (/Users/olashina/Documents/workspace/NIPTREX-backend/src/services/auth.service.ts:21:25)
    at processTicksAndRejections (node:internal/process/task_queues:96:5)
    at AuthController.signUp (/Users/olashina/Documents/workspace/NIPTREX-backend/src/controllers/auth.controller.ts:13:35)
2023-03-16 18:17:45 error: unhandledRejection: email quadri201@gmail.com already exists
Error: email quadri201@gmail.com already exists
    at AuthService.signup (/Users/olashina/Documents/workspace/NIPTREX-backend/src/services/auth.service.ts:21:25)
    at processTicksAndRejections (node:internal/process/task_queues:96:5)
    at AuthController.signUp (/Users/olashina/Documents/workspace/NIPTREX-backend/src/controllers/auth.controller.ts:13:35)
2023-03-17 13:11:16 error: uncaughtException: Cannot set properties of undefined (setting 'mailer')
TypeError: Cannot set properties of undefined (setting 'mailer')
    at new Mail (/Users/olashina/Documents/workspace/NIPTREX-backend/node_modules/nodemailer/lib/mailer/index.js:45:33)
    at Object.module.exports.createTransport (/Users/olashina/Documents/workspace/NIPTREX-backend/node_modules/nodemailer/lib/nodemailer.js:53:14)
    at Object.<anonymous> (/Users/olashina/Documents/workspace/NIPTREX-backend/src/modules/email/email.service.ts:6:37)
    at Module._compile (node:internal/modules/cjs/loader:1155:14)
    at Module._compile (/Users/olashina/Documents/workspace/NIPTREX-backend/node_modules/source-map-support/source-map-support.js:568:25)
    at Module.m._compile (/private/var/folders/7y/g7wt7_g17x58s0b1kmllks7m0000gn/T/ts-node-dev-hook-47264422776966986.js:69:33)
    at Module._extensions..js (node:internal/modules/cjs/loader:1209:10)
    at require.extensions..jsx.require.extensions..js (/private/var/folders/7y/g7wt7_g17x58s0b1kmllks7m0000gn/T/ts-node-dev-hook-47264422776966986.js:114:20)
    at require.extensions.<computed> (/private/var/folders/7y/g7wt7_g17x58s0b1kmllks7m0000gn/T/ts-node-dev-hook-47264422776966986.js:71:20)
    at Object.nodeDevHook [as .ts] (/Users/olashina/Documents/workspace/NIPTREX-backend/node_modules/ts-node-dev/lib/hook.js:63:13)
2023-03-17 13:14:45 error: uncaughtException: ⨯ Unable to compile TypeScript:
src/modules/email/email.service.ts(68,1): error TS1005: '}' expected.
src/modules/email/email.service.ts(111,1): error TS1005: '}' expected.

Error: ⨯ Unable to compile TypeScript:
src/modules/email/email.service.ts(68,1): error TS1005: '}' expected.
src/modules/email/email.service.ts(111,1): error TS1005: '}' expected.

    at Object.<anonymous> (/Users/olashina/Documents/workspace/NIPTREX-backend/src/modules/email/email.service.ts:1:7)
    at Module._compile (node:internal/modules/cjs/loader:1155:14)
    at Module._compile (/Users/olashina/Documents/workspace/NIPTREX-backend/node_modules/source-map-support/source-map-support.js:568:25)
    at Module.m._compile (/private/var/folders/7y/g7wt7_g17x58s0b1kmllks7m0000gn/T/ts-node-dev-hook-47264422776966986.js:69:33)
    at Module._extensions..js (node:internal/modules/cjs/loader:1209:10)
    at require.extensions..jsx.require.extensions..js (/private/var/folders/7y/g7wt7_g17x58s0b1kmllks7m0000gn/T/ts-node-dev-hook-47264422776966986.js:114:20)
    at require.extensions.<computed> (/private/var/folders/7y/g7wt7_g17x58s0b1kmllks7m0000gn/T/ts-node-dev-hook-47264422776966986.js:71:20)
    at Object.nodeDevHook [as .ts] (/Users/olashina/Documents/workspace/NIPTREX-backend/node_modules/ts-node-dev/lib/hook.js:63:13)
    at Module.load (node:internal/modules/cjs/loader:1033:32)
    at Function.Module._load (node:internal/modules/cjs/loader:868:12)
2023-03-17 13:14:59 error: uncaughtException: ⨯ Unable to compile TypeScript:
src/modules/email/email.service.ts(111,1): error TS1005: '}' expected.

Error: ⨯ Unable to compile TypeScript:
src/modules/email/email.service.ts(111,1): error TS1005: '}' expected.

    at Object.<anonymous> (/Users/olashina/Documents/workspace/NIPTREX-backend/src/modules/email/email.service.ts:1:7)
    at Module._compile (node:internal/modules/cjs/loader:1155:14)
    at Module._compile (/Users/olashina/Documents/workspace/NIPTREX-backend/node_modules/source-map-support/source-map-support.js:568:25)
    at Module.m._compile (/private/var/folders/7y/g7wt7_g17x58s0b1kmllks7m0000gn/T/ts-node-dev-hook-47264422776966986.js:69:33)
    at Module._extensions..js (node:internal/modules/cjs/loader:1209:10)
    at require.extensions..jsx.require.extensions..js (/private/var/folders/7y/g7wt7_g17x58s0b1kmllks7m0000gn/T/ts-node-dev-hook-47264422776966986.js:114:20)
    at require.extensions.<computed> (/private/var/folders/7y/g7wt7_g17x58s0b1kmllks7m0000gn/T/ts-node-dev-hook-47264422776966986.js:71:20)
    at Object.nodeDevHook [as .ts] (/Users/olashina/Documents/workspace/NIPTREX-backend/node_modules/ts-node-dev/lib/hook.js:63:13)
    at Module.load (node:internal/modules/cjs/loader:1033:32)
    at Function.Module._load (node:internal/modules/cjs/loader:868:12)
2023-03-17 13:15:04 error: uncaughtException: ⨯ Unable to compile TypeScript:
src/modules/email/email.service.ts(112,1): error TS1005: '}' expected.

Error: ⨯ Unable to compile TypeScript:
src/modules/email/email.service.ts(112,1): error TS1005: '}' expected.

    at Object.<anonymous> (/Users/olashina/Documents/workspace/NIPTREX-backend/src/modules/email/email.service.ts:1:7)
    at Module._compile (node:internal/modules/cjs/loader:1155:14)
    at Module._compile (/Users/olashina/Documents/workspace/NIPTREX-backend/node_modules/source-map-support/source-map-support.js:568:25)
    at Module.m._compile (/private/var/folders/7y/g7wt7_g17x58s0b1kmllks7m0000gn/T/ts-node-dev-hook-47264422776966986.js:69:33)
    at Module._extensions..js (node:internal/modules/cjs/loader:1209:10)
    at require.extensions..jsx.require.extensions..js (/private/var/folders/7y/g7wt7_g17x58s0b1kmllks7m0000gn/T/ts-node-dev-hook-47264422776966986.js:114:20)
    at require.extensions.<computed> (/private/var/folders/7y/g7wt7_g17x58s0b1kmllks7m0000gn/T/ts-node-dev-hook-47264422776966986.js:71:20)
    at Object.nodeDevHook [as .ts] (/Users/olashina/Documents/workspace/NIPTREX-backend/node_modules/ts-node-dev/lib/hook.js:63:13)
    at Module.load (node:internal/modules/cjs/loader:1033:32)
    at Function.Module._load (node:internal/modules/cjs/loader:868:12)
2023-03-17 13:15:16 error: uncaughtException: ⨯ Unable to compile TypeScript:
src/modules/email/email.service.ts(108,1): error TS1005: '}' expected.

Error: ⨯ Unable to compile TypeScript:
src/modules/email/email.service.ts(108,1): error TS1005: '}' expected.

    at Object.<anonymous> (/Users/olashina/Documents/workspace/NIPTREX-backend/src/modules/email/email.service.ts:1:7)
    at Module._compile (node:internal/modules/cjs/loader:1155:14)
    at Module._compile (/Users/olashina/Documents/workspace/NIPTREX-backend/node_modules/source-map-support/source-map-support.js:568:25)
    at Module.m._compile (/private/var/folders/7y/g7wt7_g17x58s0b1kmllks7m0000gn/T/ts-node-dev-hook-47264422776966986.js:69:33)
    at Module._extensions..js (node:internal/modules/cjs/loader:1209:10)
    at require.extensions..jsx.require.extensions..js (/private/var/folders/7y/g7wt7_g17x58s0b1kmllks7m0000gn/T/ts-node-dev-hook-47264422776966986.js:114:20)
    at require.extensions.<computed> (/private/var/folders/7y/g7wt7_g17x58s0b1kmllks7m0000gn/T/ts-node-dev-hook-47264422776966986.js:71:20)
    at Object.nodeDevHook [as .ts] (/Users/olashina/Documents/workspace/NIPTREX-backend/node_modules/ts-node-dev/lib/hook.js:63:13)
    at Module.load (node:internal/modules/cjs/loader:1033:32)
    at Function.Module._load (node:internal/modules/cjs/loader:868:12)
2023-03-17 13:15:30 error: uncaughtException: ⨯ Unable to compile TypeScript:
src/modules/email/email.service.ts(108,1): error TS1005: '}' expected.

Error: ⨯ Unable to compile TypeScript:
src/modules/email/email.service.ts(108,1): error TS1005: '}' expected.

    at Object.<anonymous> (/Users/olashina/Documents/workspace/NIPTREX-backend/src/modules/email/email.service.ts:1:7)
    at Module._compile (node:internal/modules/cjs/loader:1155:14)
    at Module._compile (/Users/olashina/Documents/workspace/NIPTREX-backend/node_modules/source-map-support/source-map-support.js:568:25)
    at Module.m._compile (/private/var/folders/7y/g7wt7_g17x58s0b1kmllks7m0000gn/T/ts-node-dev-hook-47264422776966986.js:69:33)
    at Module._extensions..js (node:internal/modules/cjs/loader:1209:10)
    at require.extensions..jsx.require.extensions..js (/private/var/folders/7y/g7wt7_g17x58s0b1kmllks7m0000gn/T/ts-node-dev-hook-47264422776966986.js:114:20)
    at require.extensions.<computed> (/private/var/folders/7y/g7wt7_g17x58s0b1kmllks7m0000gn/T/ts-node-dev-hook-47264422776966986.js:71:20)
    at Object.nodeDevHook [as .ts] (/Users/olashina/Documents/workspace/NIPTREX-backend/node_modules/ts-node-dev/lib/hook.js:63:13)
    at Module.load (node:internal/modules/cjs/loader:1033:32)
    at Function.Module._load (node:internal/modules/cjs/loader:868:12)
2023-03-17 16:22:32 error: uncaughtException: Channel closed
Error: Channel closed
    at new NodeError (node:internal/errors:387:5)
    at process.target.send (node:internal/child_process:749:16)
    at Object.exports.send (/Users/olashina/Documents/workspace/NIPTREX-backend/node_modules/ts-node-dev/lib/ipc.js:17:14)
    at /Users/olashina/Documents/workspace/NIPTREX-backend/node_modules/ts-node-dev/lib/wrap.js:88:9
    at Object.nodeDevHook [as .js] (/Users/olashina/Documents/workspace/NIPTREX-backend/node_modules/ts-node-dev/lib/hook.js:61:17)
    at Module.load (node:internal/modules/cjs/loader:1033:32)
    at Function.Module._load (node:internal/modules/cjs/loader:868:12)
    at Module.require (node:internal/modules/cjs/loader:1057:19)
    at require (node:internal/modules/cjs/helpers:103:18)
    at Object.getCodec (/Users/olashina/Documents/workspace/NIPTREX-backend/node_modules/iconv-lite/lib/index.js:65:27)
2023-03-17 16:22:32 error: uncaughtException: Channel closed
Error: Channel closed
    at new NodeError (node:internal/errors:387:5)
    at process.target.send (node:internal/child_process:749:16)
    at Object.exports.send (/Users/olashina/Documents/workspace/NIPTREX-backend/node_modules/ts-node-dev/lib/ipc.js:17:14)
    at /Users/olashina/Documents/workspace/NIPTREX-backend/node_modules/ts-node-dev/lib/wrap.js:88:9
    at Object.nodeDevHook [as .js] (/Users/olashina/Documents/workspace/NIPTREX-backend/node_modules/ts-node-dev/lib/hook.js:61:17)
    at Module.load (node:internal/modules/cjs/loader:1033:32)
    at Function.Module._load (node:internal/modules/cjs/loader:868:12)
    at Module.require (node:internal/modules/cjs/loader:1057:19)
    at require (node:internal/modules/cjs/helpers:103:18)
    at Object.getCodec (/Users/olashina/Documents/workspace/NIPTREX-backend/node_modules/iconv-lite/lib/index.js:65:27)
2023-03-17 16:53:19 error: uncaughtException: Channel closed
Error: Channel closed
    at new NodeError (node:internal/errors:387:5)
    at process.target.send (node:internal/child_process:749:16)
    at Object.exports.send (/Users/olashina/Documents/workspace/NIPTREX-backend/node_modules/ts-node-dev/lib/ipc.js:17:14)
    at /Users/olashina/Documents/workspace/NIPTREX-backend/node_modules/ts-node-dev/lib/wrap.js:88:9
    at Object.nodeDevHook [as .js] (/Users/olashina/Documents/workspace/NIPTREX-backend/node_modules/ts-node-dev/lib/hook.js:61:17)
    at Module.load (node:internal/modules/cjs/loader:1033:32)
    at Function.Module._load (node:internal/modules/cjs/loader:868:12)
    at Module.require (node:internal/modules/cjs/loader:1057:19)
    at require (node:internal/modules/cjs/helpers:103:18)
    at Object.getCodec (/Users/olashina/Documents/workspace/NIPTREX-backend/node_modules/iconv-lite/lib/index.js:65:27)
2023-03-17 16:53:19 error: uncaughtException: Channel closed
Error: Channel closed
    at new NodeError (node:internal/errors:387:5)
    at process.target.send (node:internal/child_process:749:16)
    at Object.exports.send (/Users/olashina/Documents/workspace/NIPTREX-backend/node_modules/ts-node-dev/lib/ipc.js:17:14)
    at /Users/olashina/Documents/workspace/NIPTREX-backend/node_modules/ts-node-dev/lib/wrap.js:88:9
    at Object.nodeDevHook [as .js] (/Users/olashina/Documents/workspace/NIPTREX-backend/node_modules/ts-node-dev/lib/hook.js:61:17)
    at Module.load (node:internal/modules/cjs/loader:1033:32)
    at Function.Module._load (node:internal/modules/cjs/loader:868:12)
    at Module.require (node:internal/modules/cjs/loader:1057:19)
    at require (node:internal/modules/cjs/helpers:103:18)
    at Object.getCodec (/Users/olashina/Documents/workspace/NIPTREX-backend/node_modules/iconv-lite/lib/index.js:65:27)
